Using pre-set license

 COMMAND LINE ARGUMENTS:
/Applications/Unity/Hub/Editor/2020.3.10f1/Unity.app/Contents/MacOS/Unity
-adb2
-batchMode
-noUpm
-name
AssetImportWorker4
-projectPath
/Users/keithgoodman/A_Workarea/Repos/turn-based-rpg/turn-based-rpg
-logFile
Logs/AssetImportWorker4.log
-srvPort
49412
Successfully changed project path to: /Users/keithgoodman/A_Workarea/Repos/turn-based-rpg/turn-based-rpg
/Users/keithgoodman/A_Workarea/Repos/turn-based-rpg/turn-based-rpg
Using Asset Import Pipeline V2.
Refreshing native plugins compatible for Editor in 233.52 ms, found 3 plugins.
Preloading 0 native plugins for Editor in 0.00 ms.
Initialize engine version: 2020.3.10f1 (297d780c91bc)
[Subsystems] Discovering subsystems at path /Applications/Unity/Hub/Editor/2020.3.10f1/Unity.app/Contents/Resources/UnitySubsystems
[Subsystems] Discovering subsystems at path /Users/keithgoodman/A_Workarea/Repos/turn-based-rpg/turn-based-rpg/Assets
GfxDevice: creating device client; threaded=0
2021-11-03 11:55:04.441 Unity[90751:10246244] DELL SE2417HG preferred device: Intel(R) Iris(TM) Plus Graphics 640 (low power)
2021-11-03 11:55:04.441 Unity[90751:10246244] Metal devices available: 1
2021-11-03 11:55:04.441 Unity[90751:10246244] 0: Intel(R) Iris(TM) Plus Graphics 640 (low power)
2021-11-03 11:55:04.442 Unity[90751:10246244] Using device Intel(R) Iris(TM) Plus Graphics 640 (low power)
Initializing Metal device caps: Intel(R) Iris(TM) Plus Graphics 640
Shader 'MoreMountains/MMRipple': fallback shader 'Particle/AlphaBlended' not found
Initialize mono
Mono path[0] = '/Applications/Unity/Hub/Editor/2020.3.10f1/Unity.app/Contents/Managed'
Mono path[1] = '/Applications/Unity/Hub/Editor/2020.3.10f1/Unity.app/Contents/MonoBleedingEdge/lib/mono/unityjit'
Mono config path = '/Applications/Unity/Hub/Editor/2020.3.10f1/Unity.app/Contents/MonoBleedingEdge/etc'
Using monoOptions --debugger-agent=transport=dt_socket,embedding=1,server=y,suspend=n,address=127.0.0.1:56751
Begin MonoManager ReloadAssembly
Registering precompiled unity dll's ...
Register platform support module: /Applications/Unity/Hub/Editor/2020.3.10f1/Unity.app/Contents/PlaybackEngines/MacStandaloneSupport/UnityEditor.OSXStandalone.Extensions.dll
Registered in 0.000597 seconds.
Native extension for OSXStandalone target not found
Refreshing native plugins compatible for Editor in 145.06 ms, found 3 plugins.
Preloading 0 native plugins for Editor in 0.00 ms.
Mono: successfully reloaded assembly
- Completed reload, in  4.145 seconds
Platform modules already initialized, skipping
Registering precompiled user dll's ...
Registered in 0.004077 seconds.
Begin MonoManager ReloadAssembly
Native extension for OSXStandalone target not found
Refreshing native plugins compatible for Editor in 148.85 ms, found 3 plugins.
Preloading 0 native plugins for Editor in 0.00 ms.
WARNING: RGBA Compressed PVRTC 4BPP sRGB format is not supported, decompressing texture
Mono: successfully reloaded assembly
- Completed reload, in  1.940 seconds
Platform modules already initialized, skipping
========================================================================
Worker process is ready to serve import requests
Shader 'MoreMountains/MMRipple': fallback shader 'Particle/AlphaBlended' not found
Launching external process: /Applications/Unity/Hub/Editor/2020.3.10f1/Unity.app/Contents/Tools/UnityShaderCompiler
Launched and connected shader compiler UnityShaderCompiler after 0.02 seconds
Refreshing native plugins compatible for Editor in 1.49 ms, found 3 plugins.
Preloading 0 native plugins for Editor in 0.00 ms.
Unloading 3455 Unused Serialized files (Serialized files now loaded: 0)
System memory in use before: 319.0 MB.
System memory in use after: 319.2 MB.

Unloading 33 unused Assets to reduce memory usage. Loaded Objects now: 3906.
Total: 3.666487 ms (FindLiveObjects: 0.604871 ms CreateObjectMapping: 0.229742 ms MarkObjects: 2.790746 ms  DeleteObjects: 0.039690 ms)

========================================================================
Received Import Request.
  path: Assets/AssetPacks/Feel/FeelDemos/Snake/Sprites/FeelSnakeFood.png
  artifactKey: Guid(4090289b14081c74d9929da1e8cd9bb9) Importer(815301076,1909f56bfc062723c751e8b465ee728b)
Start importing Assets/AssetPacks/Feel/FeelDemos/Snake/Sprites/FeelSnakeFood.png using Guid(4090289b14081c74d9929da1e8cd9bb9) Importer(815301076,1909f56bfc062723c751e8b465ee728b)  -> (artifact id: 'de6b7aa3237c3cd42ce9598523eb6f09') in 1.423102 seconds
  Import took 1.430924 seconds .

========================================================================
Received Import Request.
  Time since last request: 18275.334617 seconds.
  path: Assets/AssetPacks/Feel/FeelDemos/Snake/Prefabs
  artifactKey: Guid(ac667d38de449e94c9cc9070dd69cd16) Importer(815301076,1909f56bfc062723c751e8b465ee728b)
Start importing Assets/AssetPacks/Feel/FeelDemos/Snake/Prefabs using Guid(ac667d38de449e94c9cc9070dd69cd16) Importer(815301076,1909f56bfc062723c751e8b465ee728b)  -> (artifact id: '7601b90e431bf45c7183a43565fa311c') in 0.021252 seconds
  Import took 0.434222 seconds .

========================================================================
Received Import Request.
  Time since last request: 0.000410 seconds.
  path: Assets/AssetPacks/Feel/FeelDemos/Snake/PostProcessing
  artifactKey: Guid(81bd01632e22b7a459d4504b811ccf77) Importer(815301076,1909f56bfc062723c751e8b465ee728b)
Start importing Assets/AssetPacks/Feel/FeelDemos/Snake/PostProcessing using Guid(81bd01632e22b7a459d4504b811ccf77) Importer(815301076,1909f56bfc062723c751e8b465ee728b)  -> (artifact id: 'd916b110bac4ddbcf1c0e9dec58e5413') in 0.002516 seconds
  Import took 0.010648 seconds .

========================================================================
Received Import Request.
  Time since last request: 2.530184 seconds.
  path: Assets/AssetPacks/Feel/FeelDemos/Snake/PostProcessing/FeelSnakeDemoPostProcessingProfile.asset
  artifactKey: Guid(2679027a5cb70f547aa504583d355f87) Importer(815301076,1909f56bfc062723c751e8b465ee728b)
Start importing Assets/AssetPacks/Feel/FeelDemos/Snake/PostProcessing/FeelSnakeDemoPostProcessingProfile.asset using Guid(2679027a5cb70f547aa504583d355f87) Importer(815301076,1909f56bfc062723c751e8b465ee728b)  -> (artifact id: '760760a413cd1ce536b1a02823595eaa') in 1.225612 seconds
  Import took 1.233079 seconds .

========================================================================
Received Import Request.
  Time since last request: 16.788581 seconds.
  path: Assets/AssetPacks/Feel/FeelDemos/Snake/FeelSnake.unity
  artifactKey: Guid(3c3c000a82c344d4a824451d8abff6b6) Importer(815301076,1909f56bfc062723c751e8b465ee728b)
Start importing Assets/AssetPacks/Feel/FeelDemos/Snake/FeelSnake.unity using Guid(3c3c000a82c344d4a824451d8abff6b6) Importer(815301076,1909f56bfc062723c751e8b465ee728b)  -> (artifact id: '74f1d3786f4397cc7d0e2127a8638db8') in 0.002879 seconds
  Import took 0.011423 seconds .

========================================================================
Received Import Request.
  Time since last request: 0.000417 seconds.
  path: Assets/AssetPacks/Feel/FeelDemos/Snake/FeelSnake.unity
  artifactKey: Guid(3c3c000a82c344d4a824451d8abff6b6) Importer(815301076,1909f56bfc062723c751e8b465ee728b)
Start importing Assets/AssetPacks/Feel/FeelDemos/Snake/FeelSnake.unity using Guid(3c3c000a82c344d4a824451d8abff6b6) Importer(815301076,1909f56bfc062723c751e8b465ee728b)  -> (artifact id: '74f1d3786f4397cc7d0e2127a8638db8') in 0.001985 seconds
  Import took 0.010816 seconds .

========================================================================
Received Import Request.
  Time since last request: 51.079835 seconds.
  path: Assets/AssetPacks/Feel/FeelDemos/Snake/Sprites
  artifactKey: Guid(c50955583c7a7164f9bc1a49c6feaf59) Importer(815301076,1909f56bfc062723c751e8b465ee728b)
Start importing Assets/AssetPacks/Feel/FeelDemos/Snake/Sprites using Guid(c50955583c7a7164f9bc1a49c6feaf59) Importer(815301076,1909f56bfc062723c751e8b465ee728b)  -> (artifact id: '9bd6e4ac29f64940ed6cf9c7911fab75') in 0.003338 seconds
  Import took 0.014318 seconds .

========================================================================
Received Import Request.
  Time since last request: 6.371580 seconds.
  path: Assets/AssetPacks/Feel/FeelDemos/Snake/Sounds
  artifactKey: Guid(7041b0ea97955da4b8731912cb886e65) Importer(815301076,1909f56bfc062723c751e8b465ee728b)
Start importing Assets/AssetPacks/Feel/FeelDemos/Snake/Sounds using Guid(7041b0ea97955da4b8731912cb886e65) Importer(815301076,1909f56bfc062723c751e8b465ee728b)  -> (artifact id: 'd866f21e5f45ca1bf0522e07dcba9144') in 0.003262 seconds
  Import took 0.016766 seconds .

========================================================================
Received Import Request.
  Time since last request: 0.003385 seconds.
  path: Assets/AssetPacks/Feel/FeelDemos/Snake/Sounds
  artifactKey: Guid(7041b0ea97955da4b8731912cb886e65) Importer(815301076,1909f56bfc062723c751e8b465ee728b)
Start importing Assets/AssetPacks/Feel/FeelDemos/Snake/Sounds using Guid(7041b0ea97955da4b8731912cb886e65) Importer(815301076,1909f56bfc062723c751e8b465ee728b)  -> (artifact id: 'd866f21e5f45ca1bf0522e07dcba9144') in 0.000933 seconds
  Import took 0.009199 seconds .

========================================================================
Received Import Request.
  Time since last request: 4.241615 seconds.
  path: Assets/AssetPacks/Feel/FeelDemos/Snake/Sounds/FeelSnakeBrass1.wav
  artifactKey: Guid(53c772b3f811f5a499fa4eb7ef5921a1) Importer(815301076,1909f56bfc062723c751e8b465ee728b)
Start importing Assets/AssetPacks/Feel/FeelDemos/Snake/Sounds/FeelSnakeBrass1.wav using Guid(53c772b3f811f5a499fa4eb7ef5921a1) Importer(815301076,1909f56bfc062723c751e8b465ee728b)  -> (artifact id: '9d694b92927692d8676129758ab112ed') in 1.560914 seconds
  Import took 1.569905 seconds .

========================================================================
Received Import Request.
  Time since last request: 1.641108 seconds.
  path: Assets/AssetPacks/Feel/FeelDemos/Snake/Sounds/FeelSnakeBrass2.wav
  artifactKey: Guid(ca93e39ec7634c54b98170900fbc0b1a) Importer(815301076,1909f56bfc062723c751e8b465ee728b)
Start importing Assets/AssetPacks/Feel/FeelDemos/Snake/Sounds/FeelSnakeBrass2.wav using Guid(ca93e39ec7634c54b98170900fbc0b1a) Importer(815301076,1909f56bfc062723c751e8b465ee728b)  -> (artifact id: '163375a292f9bec5c6df2818a3de2f7f') in 0.018363 seconds
  Import took 0.030830 seconds .

========================================================================
Received Import Request.
  Time since last request: 1.909691 seconds.
  path: Assets/AssetPacks/Feel/FeelDemos/Snake/Sounds/FeelSnakeBrass3.wav
  artifactKey: Guid(19eca7f53da25a449aac3ba04baf56d0) Importer(815301076,1909f56bfc062723c751e8b465ee728b)
Start importing Assets/AssetPacks/Feel/FeelDemos/Snake/Sounds/FeelSnakeBrass3.wav using Guid(19eca7f53da25a449aac3ba04baf56d0) Importer(815301076,1909f56bfc062723c751e8b465ee728b)  -> (artifact id: '8b397aec60df7a6bb3e70872e00c9fe3') in 0.025250 seconds
  Import took 0.035669 seconds .

========================================================================
Received Import Request.
  Time since last request: 2.424211 seconds.
  path: Assets/AssetPacks/Feel/FeelDemos/Snake/Sounds/FeelSnakeDrum.wav
  artifactKey: Guid(e7b776ddbc27adf469439ca5cdc1426e) Importer(815301076,1909f56bfc062723c751e8b465ee728b)
Start importing Assets/AssetPacks/Feel/FeelDemos/Snake/Sounds/FeelSnakeDrum.wav using Guid(e7b776ddbc27adf469439ca5cdc1426e) Importer(815301076,1909f56bfc062723c751e8b465ee728b)  -> (artifact id: '298364fd45dd738a313c9ac14a7acdef') in 0.012371 seconds
  Import took 0.021226 seconds .

========================================================================
Received Import Request.
  Time since last request: 0.004296 seconds.
  path: Assets/AssetPacks/Feel/FeelDemos/Snake/Sounds/FeelSnakeDrum.wav
  artifactKey: Guid(e7b776ddbc27adf469439ca5cdc1426e) Importer(815301076,1909f56bfc062723c751e8b465ee728b)
Start importing Assets/AssetPacks/Feel/FeelDemos/Snake/Sounds/FeelSnakeDrum.wav using Guid(e7b776ddbc27adf469439ca5cdc1426e) Importer(815301076,1909f56bfc062723c751e8b465ee728b)  -> (artifact id: '298364fd45dd738a313c9ac14a7acdef') in 0.011565 seconds
  Import took 0.019963 seconds .

========================================================================
Received Import Request.
  Time since last request: 2.575939 seconds.
  path: Assets/AssetPacks/Feel/FeelDemos/Snake/Sounds/FeelSnakePiano1.wav
  artifactKey: Guid(57cff1058f5757b45960fef0b09b8e94) Importer(815301076,1909f56bfc062723c751e8b465ee728b)
Start importing Assets/AssetPacks/Feel/FeelDemos/Snake/Sounds/FeelSnakePiano1.wav using Guid(57cff1058f5757b45960fef0b09b8e94) Importer(815301076,1909f56bfc062723c751e8b465ee728b)  -> (artifact id: '134c96ee258d3c6ded517fdbfdb49598') in 0.013444 seconds
  Import took 0.024449 seconds .

========================================================================
Received Import Request.
  Time since last request: 0.003308 seconds.
  path: Assets/AssetPacks/Feel/FeelDemos/Snake/Sounds/FeelSnakePiano1.wav
  artifactKey: Guid(57cff1058f5757b45960fef0b09b8e94) Importer(815301076,1909f56bfc062723c751e8b465ee728b)
Start importing Assets/AssetPacks/Feel/FeelDemos/Snake/Sounds/FeelSnakePiano1.wav using Guid(57cff1058f5757b45960fef0b09b8e94) Importer(815301076,1909f56bfc062723c751e8b465ee728b)  -> (artifact id: '134c96ee258d3c6ded517fdbfdb49598') in 0.013412 seconds
  Import took 0.022727 seconds .

========================================================================
Received Prepare
Registering precompiled user dll's ...
Registered in 0.010259 seconds.
Begin MonoManager ReloadAssembly
Native extension for OSXStandalone target not found
Refreshing native plugins compatible for Editor in 2.88 ms, found 3 plugins.
Preloading 0 native plugins for Editor in 0.00 ms.
Mono: successfully reloaded assembly
- Completed reload, in  2.113 seconds
Platform modules already initialized, skipping
Switching build target platform(2) subTarget(0) extendedPlatform(0) -> platform(9) subTarget(16777218) extendedPlatform(0)
Shader 'MoreMountains/MMRipple': fallback shader 'Particle/AlphaBlended' not found
Refreshing native plugins compatible for Editor in 1.62 ms, found 3 plugins.
Preloading 0 native plugins for Editor in 0.00 ms.
Unloading 3368 Unused Serialized files (Serialized files now loaded: 0)
System memory in use before: 324.5 MB.
System memory in use after: 324.8 MB.

Unloading 22 unused Assets to reduce memory usage. Loaded Objects now: 3921.
Total: 4.865367 ms (FindLiveObjects: 0.822970 ms CreateObjectMapping: 0.375165 ms MarkObjects: 3.640859 ms  DeleteObjects: 0.025054 ms)

AssetImportParameters requested are different than current active one (requested -> active):
  custom:graphics/normal-map-encoding: 01000000000000000000000000000000 -> 02000000000000000000000000000000
