Using pre-set license

 COMMAND LINE ARGUMENTS:
/Applications/Unity/Hub/Editor/2020.3.10f1/Unity.app/Contents/MacOS/Unity
-adb2
-batchMode
-noUpm
-name
AssetImportWorker2
-projectPath
/Users/keithgoodman/A_Workarea/Repos/turn-based-rpg/turn-based-rpg
-logFile
Logs/AssetImportWorker2.log
-srvPort
50901
Successfully changed project path to: /Users/keithgoodman/A_Workarea/Repos/turn-based-rpg/turn-based-rpg
/Users/keithgoodman/A_Workarea/Repos/turn-based-rpg/turn-based-rpg
Using Asset Import Pipeline V2.
Refreshing native plugins compatible for Editor in 169.93 ms, found 3 plugins.
Preloading 0 native plugins for Editor in 0.00 ms.
Initialize engine version: 2020.3.10f1 (297d780c91bc)
[Subsystems] Discovering subsystems at path /Applications/Unity/Hub/Editor/2020.3.10f1/Unity.app/Contents/Resources/UnitySubsystems
[Subsystems] Discovering subsystems at path /Users/keithgoodman/A_Workarea/Repos/turn-based-rpg/turn-based-rpg/Assets
GfxDevice: creating device client; threaded=0
2021-09-28 11:45:47.381 Unity[50616:5284323] DELL SE2417HG preferred device: Intel(R) Iris(TM) Plus Graphics 640 (low power)
2021-09-28 11:45:47.381 Unity[50616:5284323] Metal devices available: 1
2021-09-28 11:45:47.381 Unity[50616:5284323] 0: Intel(R) Iris(TM) Plus Graphics 640 (low power)
2021-09-28 11:45:47.382 Unity[50616:5284323] Using device Intel(R) Iris(TM) Plus Graphics 640 (low power)
Initializing Metal device caps: Intel(R) Iris(TM) Plus Graphics 640
Shader 'MoreMountains/MMRipple': fallback shader 'Particle/AlphaBlended' not found
Initialize mono
Mono path[0] = '/Applications/Unity/Hub/Editor/2020.3.10f1/Unity.app/Contents/Managed'
Mono path[1] = '/Applications/Unity/Hub/Editor/2020.3.10f1/Unity.app/Contents/MonoBleedingEdge/lib/mono/unityjit'
Mono config path = '/Applications/Unity/Hub/Editor/2020.3.10f1/Unity.app/Contents/MonoBleedingEdge/etc'
Using monoOptions --debugger-agent=transport=dt_socket,embedding=1,server=y,suspend=n,address=127.0.0.1:56616
Begin MonoManager ReloadAssembly
Registering precompiled unity dll's ...
Register platform support module: /Applications/Unity/Hub/Editor/2020.3.10f1/Unity.app/Contents/PlaybackEngines/MacStandaloneSupport/UnityEditor.OSXStandalone.Extensions.dll
Registered in 0.001795 seconds.
Native extension for OSXStandalone target not found
Refreshing native plugins compatible for Editor in 222.73 ms, found 3 plugins.
Preloading 0 native plugins for Editor in 0.00 ms.
Mono: successfully reloaded assembly
- Completed reload, in  6.857 seconds
Platform modules already initialized, skipping
Registering precompiled user dll's ...
Registered in 0.010227 seconds.
Begin MonoManager ReloadAssembly
Native extension for OSXStandalone target not found
Refreshing native plugins compatible for Editor in 140.48 ms, found 3 plugins.
Preloading 0 native plugins for Editor in 0.00 ms.
WARNING: RGBA Compressed PVRTC 4BPP sRGB format is not supported, decompressing texture
Mono: successfully reloaded assembly
- Completed reload, in  2.262 seconds
Platform modules already initialized, skipping
========================================================================
Worker process is ready to serve import requests
Shader 'MoreMountains/MMRipple': fallback shader 'Particle/AlphaBlended' not found
Launching external process: /Applications/Unity/Hub/Editor/2020.3.10f1/Unity.app/Contents/Tools/UnityShaderCompiler
Launched and connected shader compiler UnityShaderCompiler after 0.02 seconds
Refreshing native plugins compatible for Editor in 1.58 ms, found 3 plugins.
Preloading 0 native plugins for Editor in 0.00 ms.
Unloading 3445 Unused Serialized files (Serialized files now loaded: 0)
System memory in use before: 318.3 MB.
System memory in use after: 318.6 MB.

Unloading 32 unused Assets to reduce memory usage. Loaded Objects now: 3896.
Total: 4.707178 ms (FindLiveObjects: 0.661459 ms CreateObjectMapping: 0.247904 ms MarkObjects: 3.739714 ms  DeleteObjects: 0.056555 ms)

========================================================================
Received Import Request.
  path: Assets/Audio
  artifactKey: Guid(4d02412883c9d45429cc366cfce916d2) Importer(815301076,1909f56bfc062723c751e8b465ee728b)
Start importing Assets/Audio using Guid(4d02412883c9d45429cc366cfce916d2) Importer(815301076,1909f56bfc062723c751e8b465ee728b)  -> (artifact id: 'adc52db3c08820fcb870644375aa7af1') in 0.005514 seconds
  Import took 0.012760 seconds .

========================================================================
Received Import Request.
  Time since last request: 172.513143 seconds.
  path: Assets/Audio/splat0.mp3
  artifactKey: Guid(dd4b608cb3bf54ec0a7f0ea29ffe1f34) Importer(815301076,1909f56bfc062723c751e8b465ee728b)
Start importing Assets/Audio/splat0.mp3 using Guid(dd4b608cb3bf54ec0a7f0ea29ffe1f34) Importer(815301076,1909f56bfc062723c751e8b465ee728b)  -> (artifact id: 'fa26c46eafadfd5e6409fbff8699ed70') in 1.518330 seconds
  Import took 1.526852 seconds .

========================================================================
Received Import Request.
  Time since last request: 24.788391 seconds.
  path: Assets/Audio/383201__adminmp__slap-cartoony.mp3
  artifactKey: Guid(0448eb4014a224b7c8f6257a96036ae8) Importer(815301076,1909f56bfc062723c751e8b465ee728b)
Start importing Assets/Audio/383201__adminmp__slap-cartoony.mp3 using Guid(0448eb4014a224b7c8f6257a96036ae8) Importer(815301076,1909f56bfc062723c751e8b465ee728b)  -> (artifact id: '6daf5db0108350256f26a9c8854e8fcf') in 0.012929 seconds
  Import took 0.021477 seconds .

========================================================================
Received Import Request.
  Time since last request: 8.864123 seconds.
  path: Assets/Audio/hit0.mp3
  artifactKey: Guid(0448eb4014a224b7c8f6257a96036ae8) Importer(815301076,1909f56bfc062723c751e8b465ee728b)
Start importing Assets/Audio/hit0.mp3 using Guid(0448eb4014a224b7c8f6257a96036ae8) Importer(815301076,1909f56bfc062723c751e8b465ee728b)  -> (artifact id: '960ec1b363bc69fbd9bde181941212f2') in 0.018299 seconds
  Import took 0.032070 seconds .

========================================================================
Received Import Request.
  Time since last request: 8.284505 seconds.
  path: Assets/Audio/346373__denao270__throwing-whip-effect.wav
  artifactKey: Guid(24777f8820e2f4e5a93c77e23e8b640a) Importer(815301076,1909f56bfc062723c751e8b465ee728b)
Start importing Assets/Audio/346373__denao270__throwing-whip-effect.wav using Guid(24777f8820e2f4e5a93c77e23e8b640a) Importer(815301076,1909f56bfc062723c751e8b465ee728b)  -> (artifact id: '8951a4602f575c9dd2ca6890fe4ba47b') in 1.384790 seconds
  Import took 1.394603 seconds .

========================================================================
Received Import Request.
  Time since last request: 2.345382 seconds.
  path: Assets/Audio/throw0.wav
  artifactKey: Guid(24777f8820e2f4e5a93c77e23e8b640a) Importer(815301076,1909f56bfc062723c751e8b465ee728b)
Start importing Assets/Audio/throw0.wav using Guid(24777f8820e2f4e5a93c77e23e8b640a) Importer(815301076,1909f56bfc062723c751e8b465ee728b)  -> (artifact id: '3027afd5ded9f19ecbf061228891fa83') in 0.012441 seconds
  Import took 0.024137 seconds .

========================================================================
Received Import Request.
  Time since last request: 19.276451 seconds.
  path: Assets/Audio/445109__breviceps__mud-splat.wav
  artifactKey: Guid(6867f6a6b4c5947f2ac7d2dedfccf539) Importer(815301076,1909f56bfc062723c751e8b465ee728b)
Start importing Assets/Audio/445109__breviceps__mud-splat.wav using Guid(6867f6a6b4c5947f2ac7d2dedfccf539) Importer(815301076,1909f56bfc062723c751e8b465ee728b)  -> (artifact id: '4f10e038c659ca7f556a4cdd36a7ced8') in 0.019200 seconds
  Import took 0.026332 seconds .

========================================================================
Received Import Request.
  Time since last request: 4.267689 seconds.
  path: Assets/Audio/splat1.wav
  artifactKey: Guid(6867f6a6b4c5947f2ac7d2dedfccf539) Importer(815301076,1909f56bfc062723c751e8b465ee728b)
Start importing Assets/Audio/splat1.wav using Guid(6867f6a6b4c5947f2ac7d2dedfccf539) Importer(815301076,1909f56bfc062723c751e8b465ee728b)  -> (artifact id: '99a7cd1a4cc963679e79d9091863db64') in 0.015557 seconds
  Import took 0.026006 seconds .

========================================================================
Received Import Request.
  Time since last request: 11.751478 seconds.
  path: Assets/Audio/445117__breviceps__cartoon-splat.wav
  artifactKey: Guid(f31b1b4d59e8043c9878d228b60cd5f8) Importer(815301076,1909f56bfc062723c751e8b465ee728b)
Start importing Assets/Audio/445117__breviceps__cartoon-splat.wav using Guid(f31b1b4d59e8043c9878d228b60cd5f8) Importer(815301076,1909f56bfc062723c751e8b465ee728b)  -> (artifact id: 'c1080c19cf3d9331ca27ac666fc29b8b') in 0.015956 seconds
  Import took 0.025584 seconds .

========================================================================
Received Import Request.
  Time since last request: 9.490664 seconds.
  path: Assets/Audio/splat2.wav
  artifactKey: Guid(f31b1b4d59e8043c9878d228b60cd5f8) Importer(815301076,1909f56bfc062723c751e8b465ee728b)
Start importing Assets/Audio/splat2.wav using Guid(f31b1b4d59e8043c9878d228b60cd5f8) Importer(815301076,1909f56bfc062723c751e8b465ee728b)  -> (artifact id: '2dfb93f84088b7abcbd54803606dc7bd') in 0.014021 seconds
  Import took 0.023274 seconds .

========================================================================
Received Import Request.
  Time since last request: 21.742064 seconds.
  path: Assets/Audio/445117__breviceps__cartoon-splat.wav
  artifactKey: Guid(ce2909b39740042b398b0c762c7002fb) Importer(815301076,1909f56bfc062723c751e8b465ee728b)
Start importing Assets/Audio/445117__breviceps__cartoon-splat.wav using Guid(ce2909b39740042b398b0c762c7002fb) Importer(815301076,1909f56bfc062723c751e8b465ee728b)  -> (artifact id: 'e8a0ec25c64831ecf79de008f13bb68a') in 0.009214 seconds
  Import took 0.017978 seconds .

========================================================================
Received Import Request.
  Time since last request: 6.998020 seconds.
  path: Assets/Audio/splat3.wav
  artifactKey: Guid(ce2909b39740042b398b0c762c7002fb) Importer(815301076,1909f56bfc062723c751e8b465ee728b)
Start importing Assets/Audio/splat3.wav using Guid(ce2909b39740042b398b0c762c7002fb) Importer(815301076,1909f56bfc062723c751e8b465ee728b)  -> (artifact id: 'f11c8f9b3ae66788dcb370ffc8a42ad9') in 0.024112 seconds
  Import took 0.034907 seconds .

========================================================================
Received Import Request.
  Time since last request: 6101.875092 seconds.
  path: Assets/Scenes/Land Scenes/Home.unity
  artifactKey: Guid(f39714c99b53840f889dd498daef428f) Importer(815301076,1909f56bfc062723c751e8b465ee728b)
Start importing Assets/Scenes/Land Scenes/Home.unity using Guid(f39714c99b53840f889dd498daef428f) Importer(815301076,1909f56bfc062723c751e8b465ee728b)  -> (artifact id: 'a6eccde1293cfcfa5380046d7a199696') in 0.003858 seconds
  Import took 0.012424 seconds .

========================================================================
Received Prepare
Registering precompiled user dll's ...
Registered in 0.010375 seconds.
Begin MonoManager ReloadAssembly
Native extension for OSXStandalone target not found
Refreshing native plugins compatible for Editor in 1.48 ms, found 3 plugins.
Preloading 0 native plugins for Editor in 0.00 ms.
Mono: successfully reloaded assembly
- Completed reload, in  1.655 seconds
Platform modules already initialized, skipping
Switching build target platform(2) subTarget(0) extendedPlatform(0) -> platform(9) subTarget(16777218) extendedPlatform(0)
Shader 'MoreMountains/MMRipple': fallback shader 'Particle/AlphaBlended' not found
Refreshing native plugins compatible for Editor in 1.52 ms, found 3 plugins.
Preloading 0 native plugins for Editor in 0.00 ms.
Unloading 3358 Unused Serialized files (Serialized files now loaded: 0)
System memory in use before: 319.8 MB.
System memory in use after: 320.1 MB.

Unloading 21 unused Assets to reduce memory usage. Loaded Objects now: 3909.
Total: 4.074764 ms (FindLiveObjects: 0.365432 ms CreateObjectMapping: 0.185927 ms MarkObjects: 3.501443 ms  DeleteObjects: 0.020778 ms)

AssetImportParameters requested are different than current active one (requested -> active):
  custom:graphics/normal-map-encoding: 01000000000000000000000000000000 -> 02000000000000000000000000000000
========================================================================
Received Import Request.
  Time since last request: 80.226522 seconds.
  path: Assets/Scripts/Core/MeshParticleSystem.cs
  artifactKey: Guid(18e788cd3788a40e7a6e7dc78e4a1b70) Importer(815301076,1909f56bfc062723c751e8b465ee728b)
Start importing Assets/Scripts/Core/MeshParticleSystem.cs using Guid(18e788cd3788a40e7a6e7dc78e4a1b70) Importer(815301076,1909f56bfc062723c751e8b465ee728b)  -> (artifact id: 'ab11239061a0e4945f2ad7886bfd3354') in 0.655894 seconds
  Import took 0.665615 seconds .

========================================================================
Received Prepare
Registering precompiled user dll's ...
Registered in 0.006390 seconds.
Begin MonoManager ReloadAssembly
Native extension for OSXStandalone target not found
Refreshing native plugins compatible for Editor in 1.77 ms, found 3 plugins.
Preloading 0 native plugins for Editor in 0.00 ms.
Mono: successfully reloaded assembly
- Completed reload, in  1.745 seconds
Platform modules already initialized, skipping
Switching build target platform(2) subTarget(0) extendedPlatform(0) -> platform(9) subTarget(16777218) extendedPlatform(0)
Shader 'MoreMountains/MMRipple': fallback shader 'Particle/AlphaBlended' not found
Refreshing native plugins compatible for Editor in 1.64 ms, found 3 plugins.
Preloading 0 native plugins for Editor in 0.00 ms.
Unloading 3359 Unused Serialized files (Serialized files now loaded: 0)
System memory in use before: 324.4 MB.
System memory in use after: 324.6 MB.

Unloading 21 unused Assets to reduce memory usage. Loaded Objects now: 3914.
Total: 2.869241 ms (FindLiveObjects: 0.364926 ms CreateObjectMapping: 0.169677 ms MarkObjects: 2.313997 ms  DeleteObjects: 0.019764 ms)

AssetImportParameters requested are different than current active one (requested -> active):
  custom:graphics/normal-map-encoding: 01000000000000000000000000000000 -> 02000000000000000000000000000000
========================================================================
Received Prepare
Registering precompiled user dll's ...
Registered in 0.005873 seconds.
Begin MonoManager ReloadAssembly
Native extension for OSXStandalone target not found
Refreshing native plugins compatible for Editor in 1.50 ms, found 3 plugins.
Preloading 0 native plugins for Editor in 0.00 ms.
Mono: successfully reloaded assembly
- Completed reload, in  1.505 seconds
Platform modules already initialized, skipping
Switching build target platform(2) subTarget(0) extendedPlatform(0) -> platform(9) subTarget(16777218) extendedPlatform(0)
Shader 'MoreMountains/MMRipple': fallback shader 'Particle/AlphaBlended' not found
Refreshing native plugins compatible for Editor in 1.47 ms, found 3 plugins.
Preloading 0 native plugins for Editor in 0.00 ms.
Unloading 3359 Unused Serialized files (Serialized files now loaded: 0)
System memory in use before: 324.7 MB.
System memory in use after: 324.9 MB.

Unloading 21 unused Assets to reduce memory usage. Loaded Objects now: 3918.
Total: 2.877736 ms (FindLiveObjects: 0.356026 ms CreateObjectMapping: 0.173035 ms MarkObjects: 2.327669 ms  DeleteObjects: 0.020075 ms)

AssetImportParameters requested are different than current active one (requested -> active):
  custom:graphics/normal-map-encoding: 01000000000000000000000000000000 -> 02000000000000000000000000000000
========================================================================
Received Prepare
Registering precompiled user dll's ...
Registered in 0.005676 seconds.
Begin MonoManager ReloadAssembly
Native extension for OSXStandalone target not found
Refreshing native plugins compatible for Editor in 1.44 ms, found 3 plugins.
Preloading 0 native plugins for Editor in 0.00 ms.
Mono: successfully reloaded assembly
- Completed reload, in  1.471 seconds
Platform modules already initialized, skipping
Switching build target platform(2) subTarget(0) extendedPlatform(0) -> platform(9) subTarget(16777218) extendedPlatform(0)
Shader 'MoreMountains/MMRipple': fallback shader 'Particle/AlphaBlended' not found
Refreshing native plugins compatible for Editor in 1.46 ms, found 3 plugins.
Preloading 0 native plugins for Editor in 0.00 ms.
Unloading 3359 Unused Serialized files (Serialized files now loaded: 0)
System memory in use before: 324.9 MB.
System memory in use after: 325.1 MB.

Unloading 21 unused Assets to reduce memory usage. Loaded Objects now: 3922.
Total: 2.994712 ms (FindLiveObjects: 0.348478 ms CreateObjectMapping: 0.156808 ms MarkObjects: 2.461625 ms  DeleteObjects: 0.026978 ms)

AssetImportParameters requested are different than current active one (requested -> active):
  custom:graphics/normal-map-encoding: 01000000000000000000000000000000 -> 02000000000000000000000000000000
========================================================================
Received Prepare
Registering precompiled user dll's ...
Registered in 0.010701 seconds.
Begin MonoManager ReloadAssembly
Native extension for OSXStandalone target not found
Refreshing native plugins compatible for Editor in 14.05 ms, found 3 plugins.
Preloading 0 native plugins for Editor in 0.00 ms.
Mono: successfully reloaded assembly
- Completed reload, in  2.803 seconds
Platform modules already initialized, skipping
Switching build target platform(2) subTarget(0) extendedPlatform(0) -> platform(9) subTarget(16777218) extendedPlatform(0)
Shader 'MoreMountains/MMRipple': fallback shader 'Particle/AlphaBlended' not found
Refreshing native plugins compatible for Editor in 1.50 ms, found 3 plugins.
Preloading 0 native plugins for Editor in 0.00 ms.
Unloading 3359 Unused Serialized files (Serialized files now loaded: 0)
System memory in use before: 325.2 MB.
System memory in use after: 325.4 MB.

Unloading 21 unused Assets to reduce memory usage. Loaded Objects now: 3926.
Total: 3.464612 ms (FindLiveObjects: 0.589477 ms CreateObjectMapping: 0.219916 ms MarkObjects: 2.630106 ms  DeleteObjects: 0.022728 ms)

AssetImportParameters requested are different than current active one (requested -> active):
  custom:graphics/normal-map-encoding: 01000000000000000000000000000000 -> 02000000000000000000000000000000
========================================================================
Received Prepare
Registering precompiled user dll's ...
Registered in 0.004422 seconds.
Begin MonoManager ReloadAssembly
Native extension for OSXStandalone target not found
Refreshing native plugins compatible for Editor in 3.84 ms, found 3 plugins.
Preloading 0 native plugins for Editor in 0.00 ms.
Mono: successfully reloaded assembly
- Completed reload, in  1.879 seconds
Platform modules already initialized, skipping
Switching build target platform(2) subTarget(0) extendedPlatform(0) -> platform(9) subTarget(16777218) extendedPlatform(0)
Shader 'MoreMountains/MMRipple': fallback shader 'Particle/AlphaBlended' not found
Refreshing native plugins compatible for Editor in 1.56 ms, found 3 plugins.
Preloading 0 native plugins for Editor in 0.00 ms.
Unloading 3359 Unused Serialized files (Serialized files now loaded: 0)
System memory in use before: 325.4 MB.
System memory in use after: 325.7 MB.

Unloading 21 unused Assets to reduce memory usage. Loaded Objects now: 3930.
Total: 2.902749 ms (FindLiveObjects: 0.359782 ms CreateObjectMapping: 0.177787 ms MarkObjects: 2.343673 ms  DeleteObjects: 0.020454 ms)

AssetImportParameters requested are different than current active one (requested -> active):
  custom:graphics/normal-map-encoding: 01000000000000000000000000000000 -> 02000000000000000000000000000000
========================================================================
Received Prepare
Registering precompiled user dll's ...
Registered in 0.005792 seconds.
Begin MonoManager ReloadAssembly
Native extension for OSXStandalone target not found
Refreshing native plugins compatible for Editor in 1.59 ms, found 3 plugins.
Preloading 0 native plugins for Editor in 0.00 ms.
Mono: successfully reloaded assembly
- Completed reload, in  1.521 seconds
Platform modules already initialized, skipping
Switching build target platform(2) subTarget(0) extendedPlatform(0) -> platform(9) subTarget(16777218) extendedPlatform(0)
Shader 'MoreMountains/MMRipple': fallback shader 'Particle/AlphaBlended' not found
Refreshing native plugins compatible for Editor in 1.78 ms, found 3 plugins.
Preloading 0 native plugins for Editor in 0.00 ms.
Unloading 3359 Unused Serialized files (Serialized files now loaded: 0)
System memory in use before: 325.7 MB.
System memory in use after: 325.9 MB.

Unloading 21 unused Assets to reduce memory usage. Loaded Objects now: 3934.
Total: 3.064581 ms (FindLiveObjects: 0.374970 ms CreateObjectMapping: 0.195316 ms MarkObjects: 2.469666 ms  DeleteObjects: 0.023727 ms)

AssetImportParameters requested are different than current active one (requested -> active):
  custom:graphics/normal-map-encoding: 01000000000000000000000000000000 -> 02000000000000000000000000000000
========================================================================
Received Prepare
Registering precompiled user dll's ...
Registered in 0.005813 seconds.
Begin MonoManager ReloadAssembly
Native extension for OSXStandalone target not found
Refreshing native plugins compatible for Editor in 1.46 ms, found 3 plugins.
Preloading 0 native plugins for Editor in 0.00 ms.
Mono: successfully reloaded assembly
- Completed reload, in  1.499 seconds
Platform modules already initialized, skipping
Switching build target platform(2) subTarget(0) extendedPlatform(0) -> platform(9) subTarget(16777218) extendedPlatform(0)
Shader 'MoreMountains/MMRipple': fallback shader 'Particle/AlphaBlended' not found
Refreshing native plugins compatible for Editor in 1.86 ms, found 3 plugins.
Preloading 0 native plugins for Editor in 0.00 ms.
Unloading 3359 Unused Serialized files (Serialized files now loaded: 0)
System memory in use before: 325.9 MB.
System memory in use after: 326.1 MB.

Unloading 21 unused Assets to reduce memory usage. Loaded Objects now: 3938.
Total: 3.223861 ms (FindLiveObjects: 0.397900 ms CreateObjectMapping: 0.136593 ms MarkObjects: 2.664737 ms  DeleteObjects: 0.023488 ms)

AssetImportParameters requested are different than current active one (requested -> active):
  custom:graphics/normal-map-encoding: 01000000000000000000000000000000 -> 02000000000000000000000000000000
========================================================================
Received Prepare
Registering precompiled user dll's ...
Registered in 0.005638 seconds.
Begin MonoManager ReloadAssembly
Native extension for OSXStandalone target not found
Refreshing native plugins compatible for Editor in 1.70 ms, found 3 plugins.
Preloading 0 native plugins for Editor in 0.00 ms.
Mono: successfully reloaded assembly
- Completed reload, in  1.504 seconds
Platform modules already initialized, skipping
Switching build target platform(2) subTarget(0) extendedPlatform(0) -> platform(9) subTarget(16777218) extendedPlatform(0)
Shader 'MoreMountains/MMRipple': fallback shader 'Particle/AlphaBlended' not found
Refreshing native plugins compatible for Editor in 1.64 ms, found 3 plugins.
Preloading 0 native plugins for Editor in 0.00 ms.
Unloading 3359 Unused Serialized files (Serialized files now loaded: 0)
System memory in use before: 326.1 MB.
System memory in use after: 326.4 MB.

Unloading 21 unused Assets to reduce memory usage. Loaded Objects now: 3942.
Total: 3.415586 ms (FindLiveObjects: 0.555574 ms CreateObjectMapping: 0.186877 ms MarkObjects: 2.647981 ms  DeleteObjects: 0.023950 ms)

AssetImportParameters requested are different than current active one (requested -> active):
  custom:graphics/normal-map-encoding: 01000000000000000000000000000000 -> 02000000000000000000000000000000
========================================================================
Received Prepare
Registering precompiled user dll's ...
Registered in 0.006163 seconds.
Begin MonoManager ReloadAssembly
Native extension for OSXStandalone target not found
Refreshing native plugins compatible for Editor in 1.50 ms, found 3 plugins.
Preloading 0 native plugins for Editor in 0.00 ms.
Mono: successfully reloaded assembly
- Completed reload, in  1.685 seconds
Platform modules already initialized, skipping
Switching build target platform(2) subTarget(0) extendedPlatform(0) -> platform(9) subTarget(16777218) extendedPlatform(0)
Shader 'MoreMountains/MMRipple': fallback shader 'Particle/AlphaBlended' not found
Refreshing native plugins compatible for Editor in 1.44 ms, found 3 plugins.
Preloading 0 native plugins for Editor in 0.00 ms.
Unloading 3359 Unused Serialized files (Serialized files now loaded: 0)
System memory in use before: 326.4 MB.
System memory in use after: 326.6 MB.

Unloading 21 unused Assets to reduce memory usage. Loaded Objects now: 3946.
Total: 2.978312 ms (FindLiveObjects: 0.414097 ms CreateObjectMapping: 0.164176 ms MarkObjects: 2.377727 ms  DeleteObjects: 0.021343 ms)

AssetImportParameters requested are different than current active one (requested -> active):
  custom:graphics/normal-map-encoding: 01000000000000000000000000000000 -> 02000000000000000000000000000000
========================================================================
Received Prepare
Registering precompiled user dll's ...
Registered in 0.005646 seconds.
Begin MonoManager ReloadAssembly
Native extension for OSXStandalone target not found
Refreshing native plugins compatible for Editor in 1.64 ms, found 3 plugins.
Preloading 0 native plugins for Editor in 0.00 ms.
Mono: successfully reloaded assembly
- Completed reload, in  1.466 seconds
Platform modules already initialized, skipping
Switching build target platform(2) subTarget(0) extendedPlatform(0) -> platform(9) subTarget(16777218) extendedPlatform(0)
Shader 'MoreMountains/MMRipple': fallback shader 'Particle/AlphaBlended' not found
Refreshing native plugins compatible for Editor in 1.45 ms, found 3 plugins.
Preloading 0 native plugins for Editor in 0.00 ms.
Unloading 3359 Unused Serialized files (Serialized files now loaded: 0)
System memory in use before: 326.6 MB.
System memory in use after: 326.9 MB.

Unloading 21 unused Assets to reduce memory usage. Loaded Objects now: 3950.
Total: 2.920970 ms (FindLiveObjects: 0.391089 ms CreateObjectMapping: 0.179152 ms MarkObjects: 2.329315 ms  DeleteObjects: 0.020426 ms)

AssetImportParameters requested are different than current active one (requested -> active):
  custom:graphics/normal-map-encoding: 01000000000000000000000000000000 -> 02000000000000000000000000000000
========================================================================
Received Prepare
Registering precompiled user dll's ...
Registered in 0.006032 seconds.
Begin MonoManager ReloadAssembly
Native extension for OSXStandalone target not found
Refreshing native plugins compatible for Editor in 1.85 ms, found 3 plugins.
Preloading 0 native plugins for Editor in 0.00 ms.
Mono: successfully reloaded assembly
- Completed reload, in  1.501 seconds
Platform modules already initialized, skipping
Switching build target platform(2) subTarget(0) extendedPlatform(0) -> platform(9) subTarget(16777218) extendedPlatform(0)
Shader 'MoreMountains/MMRipple': fallback shader 'Particle/AlphaBlended' not found
Refreshing native plugins compatible for Editor in 1.72 ms, found 3 plugins.
Preloading 0 native plugins for Editor in 0.00 ms.
Unloading 3359 Unused Serialized files (Serialized files now loaded: 0)
System memory in use before: 326.9 MB.
System memory in use after: 327.1 MB.

Unloading 21 unused Assets to reduce memory usage. Loaded Objects now: 3954.
Total: 2.892057 ms (FindLiveObjects: 0.375869 ms CreateObjectMapping: 0.175171 ms MarkObjects: 2.314553 ms  DeleteObjects: 0.025638 ms)

AssetImportParameters requested are different than current active one (requested -> active):
  custom:graphics/normal-map-encoding: 01000000000000000000000000000000 -> 02000000000000000000000000000000
========================================================================
Received Prepare
Registering precompiled user dll's ...
Registered in 0.007342 seconds.
Begin MonoManager ReloadAssembly
Native extension for OSXStandalone target not found
Refreshing native plugins compatible for Editor in 1.52 ms, found 3 plugins.
Preloading 0 native plugins for Editor in 0.00 ms.
Mono: successfully reloaded assembly
- Completed reload, in  1.895 seconds
Platform modules already initialized, skipping
Switching build target platform(2) subTarget(0) extendedPlatform(0) -> platform(9) subTarget(16777218) extendedPlatform(0)
Shader 'MoreMountains/MMRipple': fallback shader 'Particle/AlphaBlended' not found
Refreshing native plugins compatible for Editor in 1.35 ms, found 3 plugins.
Preloading 0 native plugins for Editor in 0.00 ms.
Unloading 3359 Unused Serialized files (Serialized files now loaded: 0)
System memory in use before: 327.1 MB.
System memory in use after: 327.4 MB.

Unloading 21 unused Assets to reduce memory usage. Loaded Objects now: 3958.
Total: 3.092874 ms (FindLiveObjects: 0.367643 ms CreateObjectMapping: 0.172697 ms MarkObjects: 2.530437 ms  DeleteObjects: 0.021168 ms)

AssetImportParameters requested are different than current active one (requested -> active):
  custom:graphics/normal-map-encoding: 01000000000000000000000000000000 -> 02000000000000000000000000000000
========================================================================
Received Prepare
Registering precompiled user dll's ...
Registered in 0.004360 seconds.
Begin MonoManager ReloadAssembly
Native extension for OSXStandalone target not found
Refreshing native plugins compatible for Editor in 1.45 ms, found 3 plugins.
Preloading 0 native plugins for Editor in 0.00 ms.
Mono: successfully reloaded assembly
- Completed reload, in  1.490 seconds
Platform modules already initialized, skipping
Switching build target platform(2) subTarget(0) extendedPlatform(0) -> platform(9) subTarget(16777218) extendedPlatform(0)
Shader 'MoreMountains/MMRipple': fallback shader 'Particle/AlphaBlended' not found
Refreshing native plugins compatible for Editor in 1.45 ms, found 3 plugins.
Preloading 0 native plugins for Editor in 0.00 ms.
Unloading 3359 Unused Serialized files (Serialized files now loaded: 0)
System memory in use before: 327.4 MB.
System memory in use after: 327.6 MB.

Unloading 21 unused Assets to reduce memory usage. Loaded Objects now: 3962.
Total: 3.214080 ms (FindLiveObjects: 0.358862 ms CreateObjectMapping: 0.172444 ms MarkObjects: 2.657134 ms  DeleteObjects: 0.024416 ms)

AssetImportParameters requested are different than current active one (requested -> active):
  custom:graphics/normal-map-encoding: 01000000000000000000000000000000 -> 02000000000000000000000000000000
========================================================================
Received Prepare
Registering precompiled user dll's ...
Registered in 0.013985 seconds.
Begin MonoManager ReloadAssembly
Native extension for OSXStandalone target not found
Refreshing native plugins compatible for Editor in 1.47 ms, found 3 plugins.
Preloading 0 native plugins for Editor in 0.00 ms.
Mono: successfully reloaded assembly
- Completed reload, in  1.673 seconds
Platform modules already initialized, skipping
Switching build target platform(2) subTarget(0) extendedPlatform(0) -> platform(9) subTarget(16777218) extendedPlatform(0)
Shader 'MoreMountains/MMRipple': fallback shader 'Particle/AlphaBlended' not found
Refreshing native plugins compatible for Editor in 1.60 ms, found 3 plugins.
Preloading 0 native plugins for Editor in 0.00 ms.
Unloading 3359 Unused Serialized files (Serialized files now loaded: 0)
System memory in use before: 327.6 MB.
System memory in use after: 327.8 MB.

Unloading 21 unused Assets to reduce memory usage. Loaded Objects now: 3966.
Total: 3.009140 ms (FindLiveObjects: 0.368759 ms CreateObjectMapping: 0.185583 ms MarkObjects: 2.433760 ms  DeleteObjects: 0.020084 ms)

AssetImportParameters requested are different than current active one (requested -> active):
  custom:graphics/normal-map-encoding: 01000000000000000000000000000000 -> 02000000000000000000000000000000
========================================================================
Received Prepare
Registering precompiled user dll's ...
Registered in 0.010788 seconds.
Begin MonoManager ReloadAssembly
Native extension for OSXStandalone target not found
Refreshing native plugins compatible for Editor in 2.83 ms, found 3 plugins.
Preloading 0 native plugins for Editor in 0.00 ms.
Mono: successfully reloaded assembly
- Completed reload, in  2.800 seconds
Platform modules already initialized, skipping
Switching build target platform(2) subTarget(0) extendedPlatform(0) -> platform(9) subTarget(16777218) extendedPlatform(0)
Shader 'MoreMountains/MMRipple': fallback shader 'Particle/AlphaBlended' not found
Refreshing native plugins compatible for Editor in 1.57 ms, found 3 plugins.
Preloading 0 native plugins for Editor in 0.00 ms.
Unloading 3359 Unused Serialized files (Serialized files now loaded: 0)
System memory in use before: 327.8 MB.
System memory in use after: 328.1 MB.

Unloading 21 unused Assets to reduce memory usage. Loaded Objects now: 3970.
Total: 3.702994 ms (FindLiveObjects: 0.799088 ms CreateObjectMapping: 0.342662 ms MarkObjects: 2.535933 ms  DeleteObjects: 0.023848 ms)

AssetImportParameters requested are different than current active one (requested -> active):
  custom:graphics/normal-map-encoding: 01000000000000000000000000000000 -> 02000000000000000000000000000000
========================================================================
Received Prepare
Registering precompiled user dll's ...
Registered in 0.005943 seconds.
Begin MonoManager ReloadAssembly
Native extension for OSXStandalone target not found
Refreshing native plugins compatible for Editor in 1.63 ms, found 3 plugins.
Preloading 0 native plugins for Editor in 0.00 ms.
Mono: successfully reloaded assembly
- Completed reload, in  1.577 seconds
Platform modules already initialized, skipping
Switching build target platform(2) subTarget(0) extendedPlatform(0) -> platform(9) subTarget(16777218) extendedPlatform(0)
Shader 'MoreMountains/MMRipple': fallback shader 'Particle/AlphaBlended' not found
Refreshing native plugins compatible for Editor in 1.69 ms, found 3 plugins.
Preloading 0 native plugins for Editor in 0.00 ms.
Unloading 3359 Unused Serialized files (Serialized files now loaded: 0)
System memory in use before: 328.1 MB.
System memory in use after: 328.3 MB.

Unloading 21 unused Assets to reduce memory usage. Loaded Objects now: 3974.
Total: 2.996408 ms (FindLiveObjects: 0.444383 ms CreateObjectMapping: 0.184893 ms MarkObjects: 2.345330 ms  DeleteObjects: 0.020873 ms)

AssetImportParameters requested are different than current active one (requested -> active):
  custom:graphics/normal-map-encoding: 01000000000000000000000000000000 -> 02000000000000000000000000000000
========================================================================
Received Prepare
Registering precompiled user dll's ...
Registered in 0.006163 seconds.
Begin MonoManager ReloadAssembly
Native extension for OSXStandalone target not found
Refreshing native plugins compatible for Editor in 1.46 ms, found 3 plugins.
Preloading 0 native plugins for Editor in 0.00 ms.
Mono: successfully reloaded assembly
- Completed reload, in  1.483 seconds
Platform modules already initialized, skipping
Switching build target platform(2) subTarget(0) extendedPlatform(0) -> platform(9) subTarget(16777218) extendedPlatform(0)
Shader 'MoreMountains/MMRipple': fallback shader 'Particle/AlphaBlended' not found
Refreshing native plugins compatible for Editor in 1.46 ms, found 3 plugins.
Preloading 0 native plugins for Editor in 0.00 ms.
Unloading 3359 Unused Serialized files (Serialized files now loaded: 0)
System memory in use before: 328.3 MB.
System memory in use after: 328.6 MB.

Unloading 21 unused Assets to reduce memory usage. Loaded Objects now: 3978.
Total: 3.109812 ms (FindLiveObjects: 0.381717 ms CreateObjectMapping: 0.173231 ms MarkObjects: 2.529832 ms  DeleteObjects: 0.023877 ms)

AssetImportParameters requested are different than current active one (requested -> active):
  custom:graphics/normal-map-encoding: 01000000000000000000000000000000 -> 02000000000000000000000000000000
========================================================================
Received Prepare
Registering precompiled user dll's ...
Registered in 0.006828 seconds.
Begin MonoManager ReloadAssembly
Native extension for OSXStandalone target not found
Refreshing native plugins compatible for Editor in 1.47 ms, found 3 plugins.
Preloading 0 native plugins for Editor in 0.00 ms.
Mono: successfully reloaded assembly
- Completed reload, in  1.608 seconds
Platform modules already initialized, skipping
Switching build target platform(2) subTarget(0) extendedPlatform(0) -> platform(9) subTarget(16777218) extendedPlatform(0)
Shader 'MoreMountains/MMRipple': fallback shader 'Particle/AlphaBlended' not found
Refreshing native plugins compatible for Editor in 1.45 ms, found 3 plugins.
Preloading 0 native plugins for Editor in 0.00 ms.
Unloading 3359 Unused Serialized files (Serialized files now loaded: 0)
System memory in use before: 328.6 MB.
System memory in use after: 328.8 MB.

Unloading 21 unused Assets to reduce memory usage. Loaded Objects now: 3982.
Total: 3.282616 ms (FindLiveObjects: 0.433165 ms CreateObjectMapping: 0.224351 ms MarkObjects: 2.601958 ms  DeleteObjects: 0.022264 ms)

AssetImportParameters requested are different than current active one (requested -> active):
  custom:graphics/normal-map-encoding: 01000000000000000000000000000000 -> 02000000000000000000000000000000
========================================================================
Received Prepare
Registering precompiled user dll's ...
Registered in 0.006085 seconds.
Begin MonoManager ReloadAssembly
Native extension for OSXStandalone target not found
Refreshing native plugins compatible for Editor in 1.51 ms, found 3 plugins.
Preloading 0 native plugins for Editor in 0.00 ms.
Mono: successfully reloaded assembly
- Completed reload, in  1.422 seconds
Platform modules already initialized, skipping
Switching build target platform(2) subTarget(0) extendedPlatform(0) -> platform(9) subTarget(16777218) extendedPlatform(0)
Shader 'MoreMountains/MMRipple': fallback shader 'Particle/AlphaBlended' not found
Refreshing native plugins compatible for Editor in 1.43 ms, found 3 plugins.
Preloading 0 native plugins for Editor in 0.00 ms.
Unloading 3359 Unused Serialized files (Serialized files now loaded: 0)
System memory in use before: 328.8 MB.
System memory in use after: 329.1 MB.

Unloading 21 unused Assets to reduce memory usage. Loaded Objects now: 3986.
Total: 3.320584 ms (FindLiveObjects: 0.659646 ms CreateObjectMapping: 0.236317 ms MarkObjects: 2.401354 ms  DeleteObjects: 0.022143 ms)

AssetImportParameters requested are different than current active one (requested -> active):
  custom:graphics/normal-map-encoding: 01000000000000000000000000000000 -> 02000000000000000000000000000000
========================================================================
Received Prepare
Registering precompiled user dll's ...
Registered in 0.006097 seconds.
Begin MonoManager ReloadAssembly
Native extension for OSXStandalone target not found
Refreshing native plugins compatible for Editor in 1.54 ms, found 3 plugins.
Preloading 0 native plugins for Editor in 0.00 ms.
Mono: successfully reloaded assembly
- Completed reload, in  1.524 seconds
Platform modules already initialized, skipping
Switching build target platform(2) subTarget(0) extendedPlatform(0) -> platform(9) subTarget(16777218) extendedPlatform(0)
Shader 'MoreMountains/MMRipple': fallback shader 'Particle/AlphaBlended' not found
Refreshing native plugins compatible for Editor in 1.54 ms, found 3 plugins.
Preloading 0 native plugins for Editor in 0.00 ms.
Unloading 3359 Unused Serialized files (Serialized files now loaded: 0)
System memory in use before: 329.1 MB.
System memory in use after: 329.3 MB.

Unloading 21 unused Assets to reduce memory usage. Loaded Objects now: 3990.
Total: 3.040721 ms (FindLiveObjects: 0.416253 ms CreateObjectMapping: 0.170100 ms MarkObjects: 2.430743 ms  DeleteObjects: 0.022701 ms)

AssetImportParameters requested are different than current active one (requested -> active):
  custom:graphics/normal-map-encoding: 01000000000000000000000000000000 -> 02000000000000000000000000000000
========================================================================
Received Prepare
Registering precompiled user dll's ...
Registered in 0.005011 seconds.
Begin MonoManager ReloadAssembly
Native extension for OSXStandalone target not found
Refreshing native plugins compatible for Editor in 1.48 ms, found 3 plugins.
Preloading 0 native plugins for Editor in 0.00 ms.
Mono: successfully reloaded assembly
- Completed reload, in  1.465 seconds
Platform modules already initialized, skipping
Switching build target platform(2) subTarget(0) extendedPlatform(0) -> platform(9) subTarget(16777218) extendedPlatform(0)
Shader 'MoreMountains/MMRipple': fallback shader 'Particle/AlphaBlended' not found
Refreshing native plugins compatible for Editor in 1.44 ms, found 3 plugins.
Preloading 0 native plugins for Editor in 0.00 ms.
Unloading 3359 Unused Serialized files (Serialized files now loaded: 0)
System memory in use before: 329.3 MB.
System memory in use after: 329.5 MB.

Unloading 21 unused Assets to reduce memory usage. Loaded Objects now: 3994.
Total: 2.899840 ms (FindLiveObjects: 0.373967 ms CreateObjectMapping: 0.173363 ms MarkObjects: 2.330701 ms  DeleteObjects: 0.020999 ms)

AssetImportParameters requested are different than current active one (requested -> active):
  custom:graphics/normal-map-encoding: 01000000000000000000000000000000 -> 02000000000000000000000000000000
========================================================================
Received Prepare
Registering precompiled user dll's ...
Registered in 0.006368 seconds.
Begin MonoManager ReloadAssembly
Native extension for OSXStandalone target not found
Refreshing native plugins compatible for Editor in 1.49 ms, found 3 plugins.
Preloading 0 native plugins for Editor in 0.00 ms.
Mono: successfully reloaded assembly
- Completed reload, in  1.405 seconds
Platform modules already initialized, skipping
Switching build target platform(2) subTarget(0) extendedPlatform(0) -> platform(9) subTarget(16777218) extendedPlatform(0)
Shader 'MoreMountains/MMRipple': fallback shader 'Particle/AlphaBlended' not found
Refreshing native plugins compatible for Editor in 1.45 ms, found 3 plugins.
Preloading 0 native plugins for Editor in 0.00 ms.
Unloading 3359 Unused Serialized files (Serialized files now loaded: 0)
System memory in use before: 329.5 MB.
System memory in use after: 329.8 MB.

Unloading 21 unused Assets to reduce memory usage. Loaded Objects now: 3998.
Total: 3.011115 ms (FindLiveObjects: 0.433426 ms CreateObjectMapping: 0.197631 ms MarkObjects: 2.357467 ms  DeleteObjects: 0.021713 ms)

AssetImportParameters requested are different than current active one (requested -> active):
  custom:graphics/normal-map-encoding: 01000000000000000000000000000000 -> 02000000000000000000000000000000
========================================================================
Received Prepare
Registering precompiled user dll's ...
Registered in 0.007486 seconds.
Begin MonoManager ReloadAssembly
Native extension for OSXStandalone target not found
Refreshing native plugins compatible for Editor in 1.58 ms, found 3 plugins.
Preloading 0 native plugins for Editor in 0.00 ms.
Mono: successfully reloaded assembly
- Completed reload, in  1.494 seconds
Platform modules already initialized, skipping
Switching build target platform(2) subTarget(0) extendedPlatform(0) -> platform(9) subTarget(16777218) extendedPlatform(0)
Shader 'MoreMountains/MMRipple': fallback shader 'Particle/AlphaBlended' not found
Refreshing native plugins compatible for Editor in 2.13 ms, found 3 plugins.
Preloading 0 native plugins for Editor in 0.00 ms.
Unloading 3359 Unused Serialized files (Serialized files now loaded: 0)
System memory in use before: 329.8 MB.
System memory in use after: 330.0 MB.

Unloading 21 unused Assets to reduce memory usage. Loaded Objects now: 4002.
Total: 3.289526 ms (FindLiveObjects: 0.369066 ms CreateObjectMapping: 0.166125 ms MarkObjects: 2.729759 ms  DeleteObjects: 0.023507 ms)

AssetImportParameters requested are different than current active one (requested -> active):
  custom:graphics/normal-map-encoding: 01000000000000000000000000000000 -> 02000000000000000000000000000000
========================================================================
Received Prepare
Registering precompiled user dll's ...
Registered in 0.006414 seconds.
Begin MonoManager ReloadAssembly
Native extension for OSXStandalone target not found
Refreshing native plugins compatible for Editor in 1.80 ms, found 3 plugins.
Preloading 0 native plugins for Editor in 0.00 ms.
Mono: successfully reloaded assembly
- Completed reload, in  1.711 seconds
Platform modules already initialized, skipping
Switching build target platform(2) subTarget(0) extendedPlatform(0) -> platform(9) subTarget(16777218) extendedPlatform(0)
Shader 'MoreMountains/MMRipple': fallback shader 'Particle/AlphaBlended' not found
Refreshing native plugins compatible for Editor in 1.45 ms, found 3 plugins.
Preloading 0 native plugins for Editor in 0.00 ms.
Unloading 3359 Unused Serialized files (Serialized files now loaded: 0)
System memory in use before: 330.0 MB.
System memory in use after: 330.3 MB.

Unloading 21 unused Assets to reduce memory usage. Loaded Objects now: 4006.
Total: 2.902431 ms (FindLiveObjects: 0.382681 ms CreateObjectMapping: 0.180123 ms MarkObjects: 2.318120 ms  DeleteObjects: 0.020551 ms)

AssetImportParameters requested are different than current active one (requested -> active):
  custom:graphics/normal-map-encoding: 01000000000000000000000000000000 -> 02000000000000000000000000000000
========================================================================
Received Prepare
Registering precompiled user dll's ...
Registered in 0.007829 seconds.
Begin MonoManager ReloadAssembly
Native extension for OSXStandalone target not found
Refreshing native plugins compatible for Editor in 2.38 ms, found 3 plugins.
Preloading 0 native plugins for Editor in 0.00 ms.
Mono: successfully reloaded assembly
- Completed reload, in  1.935 seconds
Platform modules already initialized, skipping
Switching build target platform(2) subTarget(0) extendedPlatform(0) -> platform(9) subTarget(16777218) extendedPlatform(0)
Shader 'MoreMountains/MMRipple': fallback shader 'Particle/AlphaBlended' not found
Refreshing native plugins compatible for Editor in 2.23 ms, found 3 plugins.
Preloading 0 native plugins for Editor in 0.00 ms.
Unloading 3359 Unused Serialized files (Serialized files now loaded: 0)
System memory in use before: 330.3 MB.
System memory in use after: 330.5 MB.

Unloading 21 unused Assets to reduce memory usage. Loaded Objects now: 4010.
Total: 4.060165 ms (FindLiveObjects: 0.382942 ms CreateObjectMapping: 0.178883 ms MarkObjects: 3.473377 ms  DeleteObjects: 0.023972 ms)

AssetImportParameters requested are different than current active one (requested -> active):
  custom:graphics/normal-map-encoding: 01000000000000000000000000000000 -> 02000000000000000000000000000000
========================================================================
Received Prepare
Registering precompiled user dll's ...
Registered in 0.006542 seconds.
Begin MonoManager ReloadAssembly
Native extension for OSXStandalone target not found
Refreshing native plugins compatible for Editor in 2.49 ms, found 3 plugins.
Preloading 0 native plugins for Editor in 0.00 ms.
Mono: successfully reloaded assembly
- Completed reload, in  2.032 seconds
Platform modules already initialized, skipping
Switching build target platform(2) subTarget(0) extendedPlatform(0) -> platform(9) subTarget(16777218) extendedPlatform(0)
Shader 'MoreMountains/MMRipple': fallback shader 'Particle/AlphaBlended' not found
Refreshing native plugins compatible for Editor in 1.86 ms, found 3 plugins.
Preloading 0 native plugins for Editor in 0.00 ms.
Unloading 3359 Unused Serialized files (Serialized files now loaded: 0)
System memory in use before: 330.5 MB.
System memory in use after: 330.8 MB.

Unloading 21 unused Assets to reduce memory usage. Loaded Objects now: 4014.
Total: 4.756787 ms (FindLiveObjects: 0.613807 ms CreateObjectMapping: 0.258504 ms MarkObjects: 3.859340 ms  DeleteObjects: 0.023592 ms)

AssetImportParameters requested are different than current active one (requested -> active):
  custom:graphics/normal-map-encoding: 01000000000000000000000000000000 -> 02000000000000000000000000000000
========================================================================
Received Prepare
Registering precompiled user dll's ...
Registered in 0.006741 seconds.
Begin MonoManager ReloadAssembly
Native extension for OSXStandalone target not found
Refreshing native plugins compatible for Editor in 1.46 ms, found 3 plugins.
Preloading 0 native plugins for Editor in 0.00 ms.
Mono: successfully reloaded assembly
- Completed reload, in  1.796 seconds
Platform modules already initialized, skipping
Switching build target platform(2) subTarget(0) extendedPlatform(0) -> platform(9) subTarget(16777218) extendedPlatform(0)
Shader 'MoreMountains/MMRipple': fallback shader 'Particle/AlphaBlended' not found
Refreshing native plugins compatible for Editor in 3.39 ms, found 3 plugins.
Preloading 0 native plugins for Editor in 0.00 ms.
Unloading 3359 Unused Serialized files (Serialized files now loaded: 0)
System memory in use before: 330.8 MB.
System memory in use after: 331.0 MB.

Unloading 21 unused Assets to reduce memory usage. Loaded Objects now: 4018.
Total: 4.511690 ms (FindLiveObjects: 0.654233 ms CreateObjectMapping: 0.270804 ms MarkObjects: 3.555032 ms  DeleteObjects: 0.029976 ms)

AssetImportParameters requested are different than current active one (requested -> active):
  custom:graphics/normal-map-encoding: 01000000000000000000000000000000 -> 02000000000000000000000000000000
========================================================================
Received Prepare
Registering precompiled user dll's ...
Registered in 0.004748 seconds.
Begin MonoManager ReloadAssembly
Native extension for OSXStandalone target not found
Refreshing native plugins compatible for Editor in 1.53 ms, found 3 plugins.
Preloading 0 native plugins for Editor in 0.00 ms.
Mono: successfully reloaded assembly
- Completed reload, in  1.507 seconds
Platform modules already initialized, skipping
Switching build target platform(2) subTarget(0) extendedPlatform(0) -> platform(9) subTarget(16777218) extendedPlatform(0)
Shader 'MoreMountains/MMRipple': fallback shader 'Particle/AlphaBlended' not found
Refreshing native plugins compatible for Editor in 1.56 ms, found 3 plugins.
Preloading 0 native plugins for Editor in 0.00 ms.
Unloading 3359 Unused Serialized files (Serialized files now loaded: 0)
System memory in use before: 331.0 MB.
System memory in use after: 331.2 MB.

Unloading 21 unused Assets to reduce memory usage. Loaded Objects now: 4022.
Total: 3.374797 ms (FindLiveObjects: 0.573065 ms CreateObjectMapping: 0.260707 ms MarkObjects: 2.516217 ms  DeleteObjects: 0.023288 ms)

AssetImportParameters requested are different than current active one (requested -> active):
  custom:graphics/normal-map-encoding: 01000000000000000000000000000000 -> 02000000000000000000000000000000
========================================================================
Received Import Request.
  Time since last request: 3839.437582 seconds.
  path: Assets/Material
  artifactKey: Guid(89ec1b50f032e41c8824d645bdc8f9db) Importer(815301076,1909f56bfc062723c751e8b465ee728b)
Start importing Assets/Material using Guid(89ec1b50f032e41c8824d645bdc8f9db) Importer(815301076,1909f56bfc062723c751e8b465ee728b)  -> (artifact id: 'c39aa76f6ef1be9db1636ebbaeab872d') in 0.007639 seconds
  Import took 0.013901 seconds .

========================================================================
Received Import Request.
  Time since last request: 0.034327 seconds.
  path: Assets/Material
  artifactKey: Guid(89ec1b50f032e41c8824d645bdc8f9db) Importer(815301076,1909f56bfc062723c751e8b465ee728b)
Start importing Assets/Material using Guid(89ec1b50f032e41c8824d645bdc8f9db) Importer(815301076,1909f56bfc062723c751e8b465ee728b)  -> (artifact id: 'c39aa76f6ef1be9db1636ebbaeab872d') in 0.002067 seconds
  Import took 0.008369 seconds .

========================================================================
Received Prepare
Registering precompiled user dll's ...
Registered in 0.007896 seconds.
Begin MonoManager ReloadAssembly
Native extension for OSXStandalone target not found
Refreshing native plugins compatible for Editor in 1.58 ms, found 3 plugins.
Preloading 0 native plugins for Editor in 0.00 ms.
Mono: successfully reloaded assembly
- Completed reload, in  2.044 seconds
Platform modules already initialized, skipping
Switching build target platform(2) subTarget(0) extendedPlatform(0) -> platform(9) subTarget(16777218) extendedPlatform(0)
Shader 'MoreMountains/MMRipple': fallback shader 'Particle/AlphaBlended' not found
Refreshing native plugins compatible for Editor in 1.84 ms, found 3 plugins.
Preloading 0 native plugins for Editor in 0.00 ms.
Unloading 3359 Unused Serialized files (Serialized files now loaded: 0)
System memory in use before: 331.2 MB.
System memory in use after: 331.5 MB.

Unloading 21 unused Assets to reduce memory usage. Loaded Objects now: 4026.
Total: 2.977320 ms (FindLiveObjects: 0.383316 ms CreateObjectMapping: 0.155830 ms MarkObjects: 2.415855 ms  DeleteObjects: 0.021421 ms)

AssetImportParameters requested are different than current active one (requested -> active):
  custom:graphics/normal-map-encoding: 01000000000000000000000000000000 -> 02000000000000000000000000000000
========================================================================
Received Prepare
Registering precompiled user dll's ...
Registered in 0.006863 seconds.
Begin MonoManager ReloadAssembly
Native extension for OSXStandalone target not found
Refreshing native plugins compatible for Editor in 1.90 ms, found 3 plugins.
Preloading 0 native plugins for Editor in 0.00 ms.
Mono: successfully reloaded assembly
- Completed reload, in  1.689 seconds
Platform modules already initialized, skipping
Switching build target platform(2) subTarget(0) extendedPlatform(0) -> platform(9) subTarget(16777218) extendedPlatform(0)
Shader 'MoreMountains/MMRipple': fallback shader 'Particle/AlphaBlended' not found
Refreshing native plugins compatible for Editor in 1.45 ms, found 3 plugins.
Preloading 0 native plugins for Editor in 0.00 ms.
Unloading 3359 Unused Serialized files (Serialized files now loaded: 0)
System memory in use before: 331.5 MB.
System memory in use after: 331.8 MB.

Unloading 21 unused Assets to reduce memory usage. Loaded Objects now: 4030.
Total: 3.062250 ms (FindLiveObjects: 0.370841 ms CreateObjectMapping: 0.177181 ms MarkObjects: 2.491701 ms  DeleteObjects: 0.021540 ms)

AssetImportParameters requested are different than current active one (requested -> active):
  custom:graphics/normal-map-encoding: 01000000000000000000000000000000 -> 02000000000000000000000000000000
========================================================================
Received Prepare
Registering precompiled user dll's ...
Registered in 0.010948 seconds.
Begin MonoManager ReloadAssembly
Native extension for OSXStandalone target not found
Refreshing native plugins compatible for Editor in 1.61 ms, found 3 plugins.
Preloading 0 native plugins for Editor in 0.00 ms.
Mono: successfully reloaded assembly
- Completed reload, in  1.884 seconds
Platform modules already initialized, skipping
Switching build target platform(2) subTarget(0) extendedPlatform(0) -> platform(9) subTarget(16777218) extendedPlatform(0)
Shader 'MoreMountains/MMRipple': fallback shader 'Particle/AlphaBlended' not found
Refreshing native plugins compatible for Editor in 1.47 ms, found 3 plugins.
Preloading 0 native plugins for Editor in 0.00 ms.
Unloading 3359 Unused Serialized files (Serialized files now loaded: 0)
System memory in use before: 331.8 MB.
System memory in use after: 332.0 MB.

Unloading 21 unused Assets to reduce memory usage. Loaded Objects now: 4034.
Total: 2.985099 ms (FindLiveObjects: 0.367454 ms CreateObjectMapping: 0.173533 ms MarkObjects: 2.415838 ms  DeleteObjects: 0.027424 ms)

AssetImportParameters requested are different than current active one (requested -> active):
  custom:graphics/normal-map-encoding: 01000000000000000000000000000000 -> 02000000000000000000000000000000
========================================================================
Received Prepare
Registering precompiled user dll's ...
Registered in 0.005052 seconds.
Begin MonoManager ReloadAssembly
Native extension for OSXStandalone target not found
Refreshing native plugins compatible for Editor in 1.54 ms, found 3 plugins.
Preloading 0 native plugins for Editor in 0.00 ms.
Mono: successfully reloaded assembly
- Completed reload, in  1.632 seconds
Platform modules already initialized, skipping
Switching build target platform(2) subTarget(0) extendedPlatform(0) -> platform(9) subTarget(16777218) extendedPlatform(0)
Shader 'MoreMountains/MMRipple': fallback shader 'Particle/AlphaBlended' not found
Refreshing native plugins compatible for Editor in 1.55 ms, found 3 plugins.
Preloading 0 native plugins for Editor in 0.00 ms.
Unloading 3359 Unused Serialized files (Serialized files now loaded: 0)
System memory in use before: 332.0 MB.
System memory in use after: 332.2 MB.

Unloading 21 unused Assets to reduce memory usage. Loaded Objects now: 4038.
Total: 3.500674 ms (FindLiveObjects: 0.429072 ms CreateObjectMapping: 0.182382 ms MarkObjects: 2.864805 ms  DeleteObjects: 0.023279 ms)

AssetImportParameters requested are different than current active one (requested -> active):
  custom:graphics/normal-map-encoding: 01000000000000000000000000000000 -> 02000000000000000000000000000000
========================================================================
Received Prepare
Registering precompiled user dll's ...
Registered in 0.007603 seconds.
Begin MonoManager ReloadAssembly
Native extension for OSXStandalone target not found
Refreshing native plugins compatible for Editor in 1.93 ms, found 3 plugins.
Preloading 0 native plugins for Editor in 0.00 ms.
Mono: successfully reloaded assembly
- Completed reload, in  1.714 seconds
Platform modules already initialized, skipping
Switching build target platform(2) subTarget(0) extendedPlatform(0) -> platform(9) subTarget(16777218) extendedPlatform(0)
Shader 'MoreMountains/MMRipple': fallback shader 'Particle/AlphaBlended' not found
Refreshing native plugins compatible for Editor in 2.63 ms, found 3 plugins.
Preloading 0 native plugins for Editor in 0.00 ms.
Unloading 3359 Unused Serialized files (Serialized files now loaded: 0)
System memory in use before: 332.2 MB.
System memory in use after: 332.5 MB.

Unloading 21 unused Assets to reduce memory usage. Loaded Objects now: 4042.
Total: 3.332001 ms (FindLiveObjects: 0.517049 ms CreateObjectMapping: 0.233483 ms MarkObjects: 2.554869 ms  DeleteObjects: 0.023262 ms)

AssetImportParameters requested are different than current active one (requested -> active):
  custom:graphics/normal-map-encoding: 01000000000000000000000000000000 -> 02000000000000000000000000000000
========================================================================
Received Prepare
Registering precompiled user dll's ...
Registered in 0.006932 seconds.
Begin MonoManager ReloadAssembly
Native extension for OSXStandalone target not found
Refreshing native plugins compatible for Editor in 1.59 ms, found 3 plugins.
Preloading 0 native plugins for Editor in 0.00 ms.
Mono: successfully reloaded assembly
- Completed reload, in  1.981 seconds
Platform modules already initialized, skipping
Switching build target platform(2) subTarget(0) extendedPlatform(0) -> platform(9) subTarget(16777218) extendedPlatform(0)
Shader 'MoreMountains/MMRipple': fallback shader 'Particle/AlphaBlended' not found
Refreshing native plugins compatible for Editor in 1.46 ms, found 3 plugins.
Preloading 0 native plugins for Editor in 0.00 ms.
Unloading 3359 Unused Serialized files (Serialized files now loaded: 0)
System memory in use before: 332.5 MB.
System memory in use after: 332.7 MB.

Unloading 21 unused Assets to reduce memory usage. Loaded Objects now: 4046.
Total: 3.029886 ms (FindLiveObjects: 0.483956 ms CreateObjectMapping: 0.205317 ms MarkObjects: 2.317656 ms  DeleteObjects: 0.022059 ms)

AssetImportParameters requested are different than current active one (requested -> active):
  custom:graphics/normal-map-encoding: 01000000000000000000000000000000 -> 02000000000000000000000000000000
========================================================================
Received Prepare
Registering precompiled user dll's ...
Registered in 0.002975 seconds.
Begin MonoManager ReloadAssembly
Native extension for OSXStandalone target not found
Refreshing native plugins compatible for Editor in 1.47 ms, found 3 plugins.
Preloading 0 native plugins for Editor in 0.00 ms.
Mono: successfully reloaded assembly
- Completed reload, in  1.523 seconds
Platform modules already initialized, skipping
Switching build target platform(2) subTarget(0) extendedPlatform(0) -> platform(9) subTarget(16777218) extendedPlatform(0)
Shader 'MoreMountains/MMRipple': fallback shader 'Particle/AlphaBlended' not found
Refreshing native plugins compatible for Editor in 1.44 ms, found 3 plugins.
Preloading 0 native plugins for Editor in 0.00 ms.
Unloading 3359 Unused Serialized files (Serialized files now loaded: 0)
System memory in use before: 332.7 MB.
System memory in use after: 333.0 MB.

Unloading 21 unused Assets to reduce memory usage. Loaded Objects now: 4050.
Total: 3.072173 ms (FindLiveObjects: 0.423507 ms CreateObjectMapping: 0.159059 ms MarkObjects: 2.467746 ms  DeleteObjects: 0.021022 ms)

AssetImportParameters requested are different than current active one (requested -> active):
  custom:graphics/normal-map-encoding: 01000000000000000000000000000000 -> 02000000000000000000000000000000
========================================================================
Received Import Request.
  Time since last request: 2787.473544 seconds.
  path: Assets/Material/BulletShellCasingMaterial.mat
  artifactKey: Guid(611d9ac03da594416b6f8ff9a92e2b44) Importer(815301076,1909f56bfc062723c751e8b465ee728b)
Start importing Assets/Material/BulletShellCasingMaterial.mat using Guid(611d9ac03da594416b6f8ff9a92e2b44) Importer(815301076,1909f56bfc062723c751e8b465ee728b)  -> (artifact id: '1fab536f1cf2161dbe2be8d4aee0d0db') in 1.680781 seconds
  Import took 1.688008 seconds .

========================================================================
Received Prepare
Registering precompiled user dll's ...
Registered in 0.006579 seconds.
Begin MonoManager ReloadAssembly
Native extension for OSXStandalone target not found
Refreshing native plugins compatible for Editor in 2.90 ms, found 3 plugins.
Preloading 0 native plugins for Editor in 0.00 ms.
Mono: successfully reloaded assembly
- Completed reload, in  2.006 seconds
Platform modules already initialized, skipping
Switching build target platform(2) subTarget(0) extendedPlatform(0) -> platform(9) subTarget(16777218) extendedPlatform(0)
Shader 'MoreMountains/MMRipple': fallback shader 'Particle/AlphaBlended' not found
Refreshing native plugins compatible for Editor in 1.57 ms, found 3 plugins.
Preloading 0 native plugins for Editor in 0.00 ms.
Unloading 3359 Unused Serialized files (Serialized files now loaded: 0)
System memory in use before: 337.8 MB.
System memory in use after: 338.0 MB.

Unloading 21 unused Assets to reduce memory usage. Loaded Objects now: 4088.
Total: 3.576143 ms (FindLiveObjects: 0.407551 ms CreateObjectMapping: 0.201402 ms MarkObjects: 2.922040 ms  DeleteObjects: 0.043795 ms)

AssetImportParameters requested are different than current active one (requested -> active):
  custom:graphics/normal-map-encoding: 01000000000000000000000000000000 -> 02000000000000000000000000000000
========================================================================
Received Prepare
Registering precompiled user dll's ...
Registered in 0.005726 seconds.
Begin MonoManager ReloadAssembly
Native extension for OSXStandalone target not found
Refreshing native plugins compatible for Editor in 1.46 ms, found 3 plugins.
Preloading 0 native plugins for Editor in 0.00 ms.
Mono: successfully reloaded assembly
- Completed reload, in  1.825 seconds
Platform modules already initialized, skipping
Switching build target platform(2) subTarget(0) extendedPlatform(0) -> platform(9) subTarget(16777218) extendedPlatform(0)
Shader 'MoreMountains/MMRipple': fallback shader 'Particle/AlphaBlended' not found
Refreshing native plugins compatible for Editor in 1.49 ms, found 3 plugins.
Preloading 0 native plugins for Editor in 0.00 ms.
Unloading 3359 Unused Serialized files (Serialized files now loaded: 0)
System memory in use before: 338.0 MB.
System memory in use after: 338.3 MB.

Unloading 21 unused Assets to reduce memory usage. Loaded Objects now: 4092.
Total: 5.693415 ms (FindLiveObjects: 0.637063 ms CreateObjectMapping: 1.168984 ms MarkObjects: 3.854043 ms  DeleteObjects: 0.031841 ms)

AssetImportParameters requested are different than current active one (requested -> active):
  custom:graphics/normal-map-encoding: 01000000000000000000000000000000 -> 02000000000000000000000000000000
========================================================================
Received Prepare
Registering precompiled user dll's ...
Registered in 0.004338 seconds.
Begin MonoManager ReloadAssembly
Native extension for OSXStandalone target not found
Refreshing native plugins compatible for Editor in 1.85 ms, found 3 plugins.
Preloading 0 native plugins for Editor in 0.00 ms.
Mono: successfully reloaded assembly
- Completed reload, in  1.769 seconds
Platform modules already initialized, skipping
Switching build target platform(2) subTarget(0) extendedPlatform(0) -> platform(9) subTarget(16777218) extendedPlatform(0)
Shader 'MoreMountains/MMRipple': fallback shader 'Particle/AlphaBlended' not found
Refreshing native plugins compatible for Editor in 1.44 ms, found 3 plugins.
Preloading 0 native plugins for Editor in 0.00 ms.
Unloading 3359 Unused Serialized files (Serialized files now loaded: 0)
System memory in use before: 338.2 MB.
System memory in use after: 338.5 MB.

Unloading 21 unused Assets to reduce memory usage. Loaded Objects now: 4096.
Total: 3.147066 ms (FindLiveObjects: 0.460927 ms CreateObjectMapping: 0.184650 ms MarkObjects: 2.477852 ms  DeleteObjects: 0.022677 ms)

AssetImportParameters requested are different than current active one (requested -> active):
  custom:graphics/normal-map-encoding: 01000000000000000000000000000000 -> 02000000000000000000000000000000
========================================================================
Received Prepare
Registering precompiled user dll's ...
Registered in 0.007725 seconds.
Begin MonoManager ReloadAssembly
Native extension for OSXStandalone target not found
Refreshing native plugins compatible for Editor in 1.66 ms, found 3 plugins.
Preloading 0 native plugins for Editor in 0.00 ms.
Mono: successfully reloaded assembly
- Completed reload, in  2.352 seconds
Platform modules already initialized, skipping
Switching build target platform(2) subTarget(0) extendedPlatform(0) -> platform(9) subTarget(16777218) extendedPlatform(0)
Shader 'MoreMountains/MMRipple': fallback shader 'Particle/AlphaBlended' not found
Refreshing native plugins compatible for Editor in 5.02 ms, found 3 plugins.
Preloading 0 native plugins for Editor in 0.00 ms.
Unloading 3359 Unused Serialized files (Serialized files now loaded: 0)
System memory in use before: 338.5 MB.
System memory in use after: 338.7 MB.

Unloading 21 unused Assets to reduce memory usage. Loaded Objects now: 4100.
Total: 6.214379 ms (FindLiveObjects: 0.660401 ms CreateObjectMapping: 0.261033 ms MarkObjects: 5.262127 ms  DeleteObjects: 0.029434 ms)

AssetImportParameters requested are different than current active one (requested -> active):
  custom:graphics/normal-map-encoding: 01000000000000000000000000000000 -> 02000000000000000000000000000000
========================================================================
Received Prepare
Registering precompiled user dll's ...
Registered in 0.003147 seconds.
Begin MonoManager ReloadAssembly
Native extension for OSXStandalone target not found
Refreshing native plugins compatible for Editor in 1.46 ms, found 3 plugins.
Preloading 0 native plugins for Editor in 0.00 ms.
Mono: successfully reloaded assembly
- Completed reload, in  1.580 seconds
Platform modules already initialized, skipping
Switching build target platform(2) subTarget(0) extendedPlatform(0) -> platform(9) subTarget(16777218) extendedPlatform(0)
Shader 'MoreMountains/MMRipple': fallback shader 'Particle/AlphaBlended' not found
Refreshing native plugins compatible for Editor in 2.08 ms, found 3 plugins.
Preloading 0 native plugins for Editor in 0.00 ms.
Unloading 3359 Unused Serialized files (Serialized files now loaded: 0)
System memory in use before: 338.7 MB.
System memory in use after: 339.0 MB.

Unloading 21 unused Assets to reduce memory usage. Loaded Objects now: 4104.
Total: 3.103675 ms (FindLiveObjects: 0.429200 ms CreateObjectMapping: 0.152319 ms MarkObjects: 2.499476 ms  DeleteObjects: 0.021938 ms)

AssetImportParameters requested are different than current active one (requested -> active):
  custom:graphics/normal-map-encoding: 01000000000000000000000000000000 -> 02000000000000000000000000000000
========================================================================
Received Prepare
Registering precompiled user dll's ...
Registered in 0.085028 seconds.
Begin MonoManager ReloadAssembly
Native extension for OSXStandalone target not found
Refreshing native plugins compatible for Editor in 1.59 ms, found 3 plugins.
Preloading 0 native plugins for Editor in 0.00 ms.
Mono: successfully reloaded assembly
- Completed reload, in  1.745 seconds
Platform modules already initialized, skipping
Switching build target platform(2) subTarget(0) extendedPlatform(0) -> platform(9) subTarget(16777218) extendedPlatform(0)
Shader 'MoreMountains/MMRipple': fallback shader 'Particle/AlphaBlended' not found
Refreshing native plugins compatible for Editor in 1.63 ms, found 3 plugins.
Preloading 0 native plugins for Editor in 0.00 ms.
Unloading 3359 Unused Serialized files (Serialized files now loaded: 0)
System memory in use before: 339.0 MB.
System memory in use after: 339.2 MB.

Unloading 21 unused Assets to reduce memory usage. Loaded Objects now: 4108.
Total: 3.004710 ms (FindLiveObjects: 0.406163 ms CreateObjectMapping: 0.170244 ms MarkObjects: 2.404716 ms  DeleteObjects: 0.022461 ms)

AssetImportParameters requested are different than current active one (requested -> active):
  custom:graphics/normal-map-encoding: 01000000000000000000000000000000 -> 02000000000000000000000000000000
========================================================================
Received Prepare
Registering precompiled user dll's ...
Registered in 0.006132 seconds.
Begin MonoManager ReloadAssembly
Native extension for OSXStandalone target not found
Refreshing native plugins compatible for Editor in 1.63 ms, found 3 plugins.
Preloading 0 native plugins for Editor in 0.00 ms.
Mono: successfully reloaded assembly
- Completed reload, in  1.458 seconds
Platform modules already initialized, skipping
Switching build target platform(2) subTarget(0) extendedPlatform(0) -> platform(9) subTarget(16777218) extendedPlatform(0)
Shader 'MoreMountains/MMRipple': fallback shader 'Particle/AlphaBlended' not found
Refreshing native plugins compatible for Editor in 1.45 ms, found 3 plugins.
Preloading 0 native plugins for Editor in 0.00 ms.
Unloading 3359 Unused Serialized files (Serialized files now loaded: 0)
System memory in use before: 339.2 MB.
System memory in use after: 339.5 MB.

Unloading 21 unused Assets to reduce memory usage. Loaded Objects now: 4112.
Total: 3.052415 ms (FindLiveObjects: 0.375692 ms CreateObjectMapping: 0.160591 ms MarkObjects: 2.491591 ms  DeleteObjects: 0.023118 ms)

AssetImportParameters requested are different than current active one (requested -> active):
  custom:graphics/normal-map-encoding: 01000000000000000000000000000000 -> 02000000000000000000000000000000
========================================================================
Received Prepare
Registering precompiled user dll's ...
Registered in 0.010678 seconds.
Begin MonoManager ReloadAssembly
Native extension for OSXStandalone target not found
Refreshing native plugins compatible for Editor in 1.52 ms, found 3 plugins.
Preloading 0 native plugins for Editor in 0.00 ms.
Mono: successfully reloaded assembly
- Completed reload, in  1.775 seconds
Platform modules already initialized, skipping
Switching build target platform(2) subTarget(0) extendedPlatform(0) -> platform(9) subTarget(16777218) extendedPlatform(0)
Shader 'MoreMountains/MMRipple': fallback shader 'Particle/AlphaBlended' not found
Refreshing native plugins compatible for Editor in 1.63 ms, found 3 plugins.
Preloading 0 native plugins for Editor in 0.00 ms.
Unloading 3359 Unused Serialized files (Serialized files now loaded: 0)
System memory in use before: 339.5 MB.
System memory in use after: 339.7 MB.

Unloading 21 unused Assets to reduce memory usage. Loaded Objects now: 4116.
Total: 3.682575 ms (FindLiveObjects: 0.426173 ms CreateObjectMapping: 0.209716 ms MarkObjects: 3.011849 ms  DeleteObjects: 0.033719 ms)

AssetImportParameters requested are different than current active one (requested -> active):
  custom:graphics/normal-map-encoding: 01000000000000000000000000000000 -> 02000000000000000000000000000000
========================================================================
Received Prepare
Registering precompiled user dll's ...
Registered in 0.006669 seconds.
Begin MonoManager ReloadAssembly
Native extension for OSXStandalone target not found
Refreshing native plugins compatible for Editor in 1.46 ms, found 3 plugins.
Preloading 0 native plugins for Editor in 0.00 ms.
Mono: successfully reloaded assembly
- Completed reload, in  1.664 seconds
Platform modules already initialized, skipping
Switching build target platform(2) subTarget(0) extendedPlatform(0) -> platform(9) subTarget(16777218) extendedPlatform(0)
Shader 'MoreMountains/MMRipple': fallback shader 'Particle/AlphaBlended' not found
Refreshing native plugins compatible for Editor in 2.11 ms, found 3 plugins.
Preloading 0 native plugins for Editor in 0.00 ms.
Unloading 3359 Unused Serialized files (Serialized files now loaded: 0)
System memory in use before: 339.7 MB.
System memory in use after: 340.0 MB.

Unloading 21 unused Assets to reduce memory usage. Loaded Objects now: 4120.
Total: 3.047250 ms (FindLiveObjects: 0.493425 ms CreateObjectMapping: 0.180512 ms MarkObjects: 2.351457 ms  DeleteObjects: 0.020727 ms)

AssetImportParameters requested are different than current active one (requested -> active):
  custom:graphics/normal-map-encoding: 01000000000000000000000000000000 -> 02000000000000000000000000000000
========================================================================
Received Prepare
Registering precompiled user dll's ...
Registered in 0.004113 seconds.
Begin MonoManager ReloadAssembly
Native extension for OSXStandalone target not found
Refreshing native plugins compatible for Editor in 2.19 ms, found 3 plugins.
Preloading 0 native plugins for Editor in 0.00 ms.
Mono: successfully reloaded assembly
- Completed reload, in  1.631 seconds
Platform modules already initialized, skipping
Switching build target platform(2) subTarget(0) extendedPlatform(0) -> platform(9) subTarget(16777218) extendedPlatform(0)
Shader 'MoreMountains/MMRipple': fallback shader 'Particle/AlphaBlended' not found
Refreshing native plugins compatible for Editor in 2.13 ms, found 3 plugins.
Preloading 0 native plugins for Editor in 0.00 ms.
Unloading 3359 Unused Serialized files (Serialized files now loaded: 0)
System memory in use before: 339.9 MB.
System memory in use after: 340.2 MB.

Unloading 21 unused Assets to reduce memory usage. Loaded Objects now: 4124.
Total: 3.270401 ms (FindLiveObjects: 0.443823 ms CreateObjectMapping: 0.204424 ms MarkObjects: 2.597296 ms  DeleteObjects: 0.023793 ms)

AssetImportParameters requested are different than current active one (requested -> active):
  custom:graphics/normal-map-encoding: 01000000000000000000000000000000 -> 02000000000000000000000000000000
========================================================================
Received Prepare
Registering precompiled user dll's ...
Registered in 0.006134 seconds.
Begin MonoManager ReloadAssembly
Native extension for OSXStandalone target not found
Refreshing native plugins compatible for Editor in 2.52 ms, found 3 plugins.
Preloading 0 native plugins for Editor in 0.00 ms.
Mono: successfully reloaded assembly
- Completed reload, in  1.931 seconds
Platform modules already initialized, skipping
Switching build target platform(2) subTarget(0) extendedPlatform(0) -> platform(9) subTarget(16777218) extendedPlatform(0)
Shader 'MoreMountains/MMRipple': fallback shader 'Particle/AlphaBlended' not found
Refreshing native plugins compatible for Editor in 1.59 ms, found 3 plugins.
Preloading 0 native plugins for Editor in 0.00 ms.
Unloading 3359 Unused Serialized files (Serialized files now loaded: 0)
System memory in use before: 340.2 MB.
System memory in use after: 340.4 MB.

Unloading 21 unused Assets to reduce memory usage. Loaded Objects now: 4128.
Total: 3.504424 ms (FindLiveObjects: 0.538258 ms CreateObjectMapping: 0.167428 ms MarkObjects: 2.773657 ms  DeleteObjects: 0.024081 ms)

AssetImportParameters requested are different than current active one (requested -> active):
  custom:graphics/normal-map-encoding: 01000000000000000000000000000000 -> 02000000000000000000000000000000
