Using pre-set license

 COMMAND LINE ARGUMENTS:
/Applications/Unity/Hub/Editor/2020.3.10f1/Unity.app/Contents/MacOS/Unity
-adb2
-batchMode
-noUpm
-name
AssetImportWorker3
-projectPath
/Users/keithgoodman/A_Workarea/Repos/turn-based-rpg/turn-based-rpg
-logFile
Logs/AssetImportWorker3.log
-srvPort
49412
Successfully changed project path to: /Users/keithgoodman/A_Workarea/Repos/turn-based-rpg/turn-based-rpg
/Users/keithgoodman/A_Workarea/Repos/turn-based-rpg/turn-based-rpg
Using Asset Import Pipeline V2.
Refreshing native plugins compatible for Editor in 968.79 ms, found 3 plugins.
Preloading 0 native plugins for Editor in 0.00 ms.
Initialize engine version: 2020.3.10f1 (297d780c91bc)
[Subsystems] Discovering subsystems at path /Applications/Unity/Hub/Editor/2020.3.10f1/Unity.app/Contents/Resources/UnitySubsystems
[Subsystems] Discovering subsystems at path /Users/keithgoodman/A_Workarea/Repos/turn-based-rpg/turn-based-rpg/Assets
GfxDevice: creating device client; threaded=0
2021-11-03 11:54:37.195 Unity[90583:10244159] DELL SE2417HG preferred device: Intel(R) Iris(TM) Plus Graphics 640 (low power)
2021-11-03 11:54:37.195 Unity[90583:10244159] Metal devices available: 1
2021-11-03 11:54:37.196 Unity[90583:10244159] 0: Intel(R) Iris(TM) Plus Graphics 640 (low power)
2021-11-03 11:54:37.196 Unity[90583:10244159] Using device Intel(R) Iris(TM) Plus Graphics 640 (low power)
Initializing Metal device caps: Intel(R) Iris(TM) Plus Graphics 640
Shader 'MoreMountains/MMRipple': fallback shader 'Particle/AlphaBlended' not found
Initialize mono
Mono path[0] = '/Applications/Unity/Hub/Editor/2020.3.10f1/Unity.app/Contents/Managed'
Mono path[1] = '/Applications/Unity/Hub/Editor/2020.3.10f1/Unity.app/Contents/MonoBleedingEdge/lib/mono/unityjit'
Mono config path = '/Applications/Unity/Hub/Editor/2020.3.10f1/Unity.app/Contents/MonoBleedingEdge/etc'
Using monoOptions --debugger-agent=transport=dt_socket,embedding=1,server=y,suspend=n,address=127.0.0.1:56583
Begin MonoManager ReloadAssembly
Registering precompiled unity dll's ...
Register platform support module: /Applications/Unity/Hub/Editor/2020.3.10f1/Unity.app/Contents/PlaybackEngines/MacStandaloneSupport/UnityEditor.OSXStandalone.Extensions.dll
Registered in 0.000720 seconds.
Native extension for OSXStandalone target not found
Refreshing native plugins compatible for Editor in 186.56 ms, found 3 plugins.
Preloading 0 native plugins for Editor in 0.00 ms.
Mono: successfully reloaded assembly
- Completed reload, in 22.528 seconds
Platform modules already initialized, skipping
Registering precompiled user dll's ...
Registered in 0.004263 seconds.
Begin MonoManager ReloadAssembly
