Using pre-set license

 COMMAND LINE ARGUMENTS:
/Applications/Unity/Hub/Editor/2020.3.10f1/Unity.app/Contents/MacOS/Unity
-adb2
-batchMode
-noUpm
-name
AssetImportWorker0
-projectPath
/Users/keithgoodman/A_Workarea/Repos/turn-based-rpg/turn-based-rpg
-logFile
Logs/AssetImportWorker0.log
-srvPort
62871
Successfully changed project path to: /Users/keithgoodman/A_Workarea/Repos/turn-based-rpg/turn-based-rpg
/Users/keithgoodman/A_Workarea/Repos/turn-based-rpg/turn-based-rpg
Using Asset Import Pipeline V2.
Refreshing native plugins compatible for Editor in 129.07 ms, found 3 plugins.
Preloading 0 native plugins for Editor in 0.00 ms.
Initialize engine version: 2020.3.10f1 (297d780c91bc)
[Subsystems] Discovering subsystems at path /Applications/Unity/Hub/Editor/2020.3.10f1/Unity.app/Contents/Resources/UnitySubsystems
[Subsystems] Discovering subsystems at path /Users/keithgoodman/A_Workarea/Repos/turn-based-rpg/turn-based-rpg/Assets
GfxDevice: creating device client; threaded=0
2021-09-14 09:25:20.315 Unity[3417:232416] DELL SE2417HG preferred device: Intel(R) Iris(TM) Plus Graphics 640 (low power)
2021-09-14 09:25:20.315 Unity[3417:232416] Metal devices available: 1
2021-09-14 09:25:20.315 Unity[3417:232416] 0: Intel(R) Iris(TM) Plus Graphics 640 (low power)
2021-09-14 09:25:20.315 Unity[3417:232416] Using device Intel(R) Iris(TM) Plus Graphics 640 (low power)
Initializing Metal device caps: Intel(R) Iris(TM) Plus Graphics 640
Shader 'MoreMountains/MMRipple': fallback shader 'Particle/AlphaBlended' not found
Initialize mono
Mono path[0] = '/Applications/Unity/Hub/Editor/2020.3.10f1/Unity.app/Contents/Managed'
Mono path[1] = '/Applications/Unity/Hub/Editor/2020.3.10f1/Unity.app/Contents/MonoBleedingEdge/lib/mono/unityjit'
Mono config path = '/Applications/Unity/Hub/Editor/2020.3.10f1/Unity.app/Contents/MonoBleedingEdge/etc'
Using monoOptions --debugger-agent=transport=dt_socket,embedding=1,server=y,suspend=n,address=127.0.0.1:56417
Begin MonoManager ReloadAssembly
Registering precompiled unity dll's ...
Register platform support module: /Applications/Unity/Hub/Editor/2020.3.10f1/Unity.app/Contents/PlaybackEngines/MacStandaloneSupport/UnityEditor.OSXStandalone.Extensions.dll
Registered in 0.000554 seconds.
Native extension for OSXStandalone target not found
Refreshing native plugins compatible for Editor in 99.46 ms, found 3 plugins.
Preloading 0 native plugins for Editor in 0.00 ms.
Mono: successfully reloaded assembly
- Completed reload, in  3.515 seconds
Platform modules already initialized, skipping
Registering precompiled user dll's ...
Registered in 0.002625 seconds.
Begin MonoManager ReloadAssembly
Native extension for OSXStandalone target not found
Refreshing native plugins compatible for Editor in 94.55 ms, found 3 plugins.
Preloading 0 native plugins for Editor in 0.00 ms.
Mono: successfully reloaded assembly
- Completed reload, in  1.684 seconds
Platform modules already initialized, skipping
========================================================================
Worker process is ready to serve import requests
Shader 'MoreMountains/MMRipple': fallback shader 'Particle/AlphaBlended' not found
Launching external process: /Applications/Unity/Hub/Editor/2020.3.10f1/Unity.app/Contents/Tools/UnityShaderCompiler
Launched and connected shader compiler UnityShaderCompiler after 0.01 seconds
Refreshing native plugins compatible for Editor in 1.12 ms, found 3 plugins.
Preloading 0 native plugins for Editor in 0.00 ms.
Unloading 3424 Unused Serialized files (Serialized files now loaded: 0)
System memory in use before: 315.4 MB.
System memory in use after: 315.5 MB.

Unloading 33 unused Assets to reduce memory usage. Loaded Objects now: 3863.
Total: 3.164743 ms (FindLiveObjects: 0.459349 ms CreateObjectMapping: 0.202017 ms MarkObjects: 2.405415 ms  DeleteObjects: 0.096790 ms)

========================================================================
Received Import Request.
  path: Assets/Sprites/Backgrounds/Temp/Background1.png
  artifactKey: Guid(676e6d7c6fd6d44e49866331c000ef13) Importer(815301076,1909f56bfc062723c751e8b465ee728b)
Start importing Assets/Sprites/Backgrounds/Temp/Background1.png using Guid(676e6d7c6fd6d44e49866331c000ef13) Importer(815301076,1909f56bfc062723c751e8b465ee728b)  -> (artifact id: 'fc0e231837fbe575c8b434e686e98fde') in 1.247605 seconds
  Import took 1.255618 seconds .

========================================================================
Received Import Request.
  Time since last request: 0.000278 seconds.
  path: Assets/Sprites/Backgrounds/Temp/Background2.png
  artifactKey: Guid(1b16574620cf64d7aa24d266df558ab6) Importer(815301076,1909f56bfc062723c751e8b465ee728b)
Start importing Assets/Sprites/Backgrounds/Temp/Background2.png using Guid(1b16574620cf64d7aa24d266df558ab6) Importer(815301076,1909f56bfc062723c751e8b465ee728b)  -> (artifact id: '4babc19748bccd91b64b41a3dd86a0a8') in 0.024785 seconds
  Import took 0.033646 seconds .

========================================================================
Received Import Request.
  Time since last request: 0.000225 seconds.
  path: Assets/Sprites/Backgrounds/Temp/Background.jpg
  artifactKey: Guid(7b330f7982fc340a3a691aba6561fe85) Importer(815301076,1909f56bfc062723c751e8b465ee728b)
Start importing Assets/Sprites/Backgrounds/Temp/Background.jpg using Guid(7b330f7982fc340a3a691aba6561fe85) Importer(815301076,1909f56bfc062723c751e8b465ee728b)  -> (artifact id: 'd16b99ad6d3fc76078af34ee3052a485') in 1.066556 seconds
  Import took 1.076974 seconds .

========================================================================
Received Import Request.
  Time since last request: 0.049323 seconds.
  path: Assets/Sprites/Backgrounds/Temp/Background4.png
  artifactKey: Guid(b6e64d8f5823446809d10cd8d392d107) Importer(815301076,1909f56bfc062723c751e8b465ee728b)
Start importing Assets/Sprites/Backgrounds/Temp/Background4.png using Guid(b6e64d8f5823446809d10cd8d392d107) Importer(815301076,1909f56bfc062723c751e8b465ee728b)  -> (artifact id: 'a3e56834e064bd430d8a58ede5e8c98f') in 0.023724 seconds
  Import took 0.039413 seconds .

========================================================================
Received Import Request.
  Time since last request: 0.000309 seconds.
  path: Assets/Sprites/Backgrounds/Temp/Background3.png
  artifactKey: Guid(e29ec561028b848a19a20ba269f48cf0) Importer(815301076,1909f56bfc062723c751e8b465ee728b)
Start importing Assets/Sprites/Backgrounds/Temp/Background3.png using Guid(e29ec561028b848a19a20ba269f48cf0) Importer(815301076,1909f56bfc062723c751e8b465ee728b)  -> (artifact id: 'f9acedba628de0ddca1b5e13e5129110') in 0.031499 seconds
  Import took 0.045055 seconds .

========================================================================
Received Prepare
Registering precompiled user dll's ...
Registered in 0.018344 seconds.
Begin MonoManager ReloadAssembly
Native extension for OSXStandalone target not found
Refreshing native plugins compatible for Editor in 1.29 ms, found 3 plugins.
Preloading 0 native plugins for Editor in 0.00 ms.
Mono: successfully reloaded assembly
- Completed reload, in  3.489 seconds
Platform modules already initialized, skipping
Switching build target platform(2) subTarget(0) extendedPlatform(0) -> platform(9) subTarget(16777218) extendedPlatform(0)
Shader 'MoreMountains/MMRipple': fallback shader 'Particle/AlphaBlended' not found
Refreshing native plugins compatible for Editor in 1.88 ms, found 3 plugins.
Preloading 0 native plugins for Editor in 0.00 ms.
Unloading 3338 Unused Serialized files (Serialized files now loaded: 0)
System memory in use before: 312.8 MB.
System memory in use after: 313.0 MB.

Unloading 21 unused Assets to reduce memory usage. Loaded Objects now: 3873.
Total: 4.452264 ms (FindLiveObjects: 0.609889 ms CreateObjectMapping: 0.185070 ms MarkObjects: 3.627813 ms  DeleteObjects: 0.028250 ms)

AssetImportParameters requested are different than current active one (requested -> active):
  custom:graphics/normal-map-encoding: 01000000000000000000000000000000 -> 02000000000000000000000000000000
========================================================================
Received Prepare
Shader 'MoreMountains/MMRipple': fallback shader 'Particle/AlphaBlended' not found
Refreshing native plugins compatible for Editor in 6.17 ms, found 3 plugins.
Preloading 0 native plugins for Editor in 0.00 ms.
Unloading 19 Unused Serialized files (Serialized files now loaded: 0)
System memory in use before: 247.6 MB.
System memory in use after: 247.8 MB.

Unloading 19 unused Assets to reduce memory usage. Loaded Objects now: 3873.
Total: 3.589956 ms (FindLiveObjects: 0.610650 ms CreateObjectMapping: 0.260946 ms MarkObjects: 2.696991 ms  DeleteObjects: 0.020372 ms)

========================================================================
Received Prepare
Shader 'MoreMountains/MMRipple': fallback shader 'Particle/AlphaBlended' not found
Refreshing native plugins compatible for Editor in 14.94 ms, found 3 plugins.
Preloading 0 native plugins for Editor in 0.00 ms.
Unloading 19 Unused Serialized files (Serialized files now loaded: 0)
System memory in use before: 247.6 MB.
System memory in use after: 247.8 MB.

Unloading 19 unused Assets to reduce memory usage. Loaded Objects now: 3873.
Total: 9.292508 ms (FindLiveObjects: 0.448746 ms CreateObjectMapping: 0.210912 ms MarkObjects: 8.603668 ms  DeleteObjects: 0.028035 ms)

========================================================================
Received Import Request.
  Time since last request: 2277.805192 seconds.
  path: Assets/Sprites/Backgrounds/Temp/Background.jpg
  artifactKey: Guid(7b330f7982fc340a3a691aba6561fe85) Importer(815301076,1909f56bfc062723c751e8b465ee728b)
Start importing Assets/Sprites/Backgrounds/Temp/Background.jpg using Guid(7b330f7982fc340a3a691aba6561fe85) Importer(815301076,1909f56bfc062723c751e8b465ee728b)  -> (artifact id: 'd3d16255420af2575cd90252855b02b3') in 0.109741 seconds
  Import took 0.119042 seconds .

========================================================================
Received Import Request.
  Time since last request: 0.000869 seconds.
  path: Assets/Sprites/Backgrounds/Temp/Background1.png
  artifactKey: Guid(676e6d7c6fd6d44e49866331c000ef13) Importer(815301076,1909f56bfc062723c751e8b465ee728b)
Start importing Assets/Sprites/Backgrounds/Temp/Background1.png using Guid(676e6d7c6fd6d44e49866331c000ef13) Importer(815301076,1909f56bfc062723c751e8b465ee728b)  -> (artifact id: 'eb0b78052fb8d73740e83e2615d304a5') in 0.029251 seconds
  Import took 0.045363 seconds .

========================================================================
Received Import Request.
  Time since last request: 0.000581 seconds.
  path: Assets/Sprites/Backgrounds/Temp/Background2.png
  artifactKey: Guid(1b16574620cf64d7aa24d266df558ab6) Importer(815301076,1909f56bfc062723c751e8b465ee728b)
Start importing Assets/Sprites/Backgrounds/Temp/Background2.png using Guid(1b16574620cf64d7aa24d266df558ab6) Importer(815301076,1909f56bfc062723c751e8b465ee728b)  -> (artifact id: 'efcf170929c0721f27f579da89a3b3ef') in 0.030170 seconds
  Import took 0.046054 seconds .

========================================================================
Received Import Request.
  Time since last request: 0.000861 seconds.
  path: Assets/Sprites/Backgrounds/Temp/Background4.png
  artifactKey: Guid(b6e64d8f5823446809d10cd8d392d107) Importer(815301076,1909f56bfc062723c751e8b465ee728b)
Start importing Assets/Sprites/Backgrounds/Temp/Background4.png using Guid(b6e64d8f5823446809d10cd8d392d107) Importer(815301076,1909f56bfc062723c751e8b465ee728b)  -> (artifact id: 'dce1ff48434478771a3b649fa58e2dfa') in 0.087937 seconds
  Import took 0.112592 seconds .

========================================================================
Received Import Request.
  Time since last request: 0.000043 seconds.
  path: Assets/Sprites/Backgrounds/Temp/Background3.png
  artifactKey: Guid(e29ec561028b848a19a20ba269f48cf0) Importer(815301076,1909f56bfc062723c751e8b465ee728b)
Start importing Assets/Sprites/Backgrounds/Temp/Background3.png using Guid(e29ec561028b848a19a20ba269f48cf0) Importer(815301076,1909f56bfc062723c751e8b465ee728b)  -> (artifact id: 'cff53cd196d187b81fadea9bbaeedc90') in 0.038907 seconds
  Import took 0.066612 seconds .

========================================================================
Received Import Request.
  Time since last request: 1843.029505 seconds.
  path: Assets/Sprites/Backgrounds/Temp/Background2048x1152.jpg
  artifactKey: Guid(9a5922ce1f0d14c3ebda36fb7e2a2b8e) Importer(815301076,1909f56bfc062723c751e8b465ee728b)
Start importing Assets/Sprites/Backgrounds/Temp/Background2048x1152.jpg using Guid(9a5922ce1f0d14c3ebda36fb7e2a2b8e) Importer(815301076,1909f56bfc062723c751e8b465ee728b)  -> (artifact id: 'b887eafdeead1e38122aea82513016b1') in 0.297932 seconds
  Import took 0.309464 seconds .

========================================================================
Received Import Request.
  Time since last request: 18.389926 seconds.
  path: Assets/Sprites/Backgrounds/Temp/Background2048x1152.jpg
  artifactKey: Guid(9a5922ce1f0d14c3ebda36fb7e2a2b8e) Importer(815301076,1909f56bfc062723c751e8b465ee728b)
Start importing Assets/Sprites/Backgrounds/Temp/Background2048x1152.jpg using Guid(9a5922ce1f0d14c3ebda36fb7e2a2b8e) Importer(815301076,1909f56bfc062723c751e8b465ee728b)  -> (artifact id: 'f295fe5d586d4b3e98dd30cea7f660d0') in 0.045888 seconds
  Import took 0.054178 seconds .

========================================================================
Received Prepare
Registering precompiled user dll's ...
Registered in 0.011656 seconds.
Begin MonoManager ReloadAssembly
Native extension for OSXStandalone target not found
Refreshing native plugins compatible for Editor in 1.30 ms, found 3 plugins.
Preloading 0 native plugins for Editor in 0.00 ms.
Mono: successfully reloaded assembly
- Completed reload, in  1.626 seconds
Platform modules already initialized, skipping
Switching build target platform(2) subTarget(0) extendedPlatform(0) -> platform(9) subTarget(16777218) extendedPlatform(0)
Shader 'MoreMountains/MMRipple': fallback shader 'Particle/AlphaBlended' not found
Refreshing native plugins compatible for Editor in 1.88 ms, found 3 plugins.
Preloading 0 native plugins for Editor in 0.00 ms.
Unloading 3338 Unused Serialized files (Serialized files now loaded: 0)
System memory in use before: 313.1 MB.
System memory in use after: 313.4 MB.

Unloading 21 unused Assets to reduce memory usage. Loaded Objects now: 3881.
Total: 4.777236 ms (FindLiveObjects: 0.688046 ms CreateObjectMapping: 0.256517 ms MarkObjects: 3.805411 ms  DeleteObjects: 0.025327 ms)

AssetImportParameters requested are different than current active one (requested -> active):
  custom:graphics/normal-map-encoding: 01000000000000000000000000000000 -> 02000000000000000000000000000000
========================================================================
Received Import Request.
  Time since last request: 13016.170995 seconds.
  path: Assets/Sprites/Backgrounds/Temp/trash
  artifactKey: Guid(d6bd9576071c2451db731112daa8ee9b) Importer(815301076,1909f56bfc062723c751e8b465ee728b)
Start importing Assets/Sprites/Backgrounds/Temp/trash using Guid(d6bd9576071c2451db731112daa8ee9b) Importer(815301076,1909f56bfc062723c751e8b465ee728b)  -> (artifact id: '16aa51e3cf3264b78b116a7f9c215ddd') in 0.079382 seconds
  Import took 0.147192 seconds .

AssetImportWorkerClient::OnTransportError - code=2 error=End of file
